2025-01-07T17:35:50.527Z [INFO]: OPTIONS /login
2025-01-07T18:23:34.595Z [INFO]: OPTIONS /login
2025-01-07T18:26:38.473Z [INFO]: OPTIONS /login
2025-01-07T18:30:03.647Z [INFO]: POST /login
2025-01-07T18:30:05.783Z [INFO]: POST /login
2025-01-07T18:33:44.452Z [INFO]: POST /login
2025-01-07T18:34:08.584Z [INFO]: POST /login
2025-01-07T18:34:44.425Z [INFO]: POST /register
2025-01-07T18:35:08.584Z [INFO]: GET /login
2025-01-07T18:35:24.000Z [INFO]: POST /register
2025-01-07T18:39:47.837Z [INFO]: POST /register
2025-01-07T18:44:42.848Z [INFO]: POST /register
2025-01-07T18:45:09.363Z [INFO]: POST /register
2025-01-07T18:45:22.855Z [INFO]: POST /register
2025-01-07T18:47:10.779Z [INFO]: POST /register
2025-01-07T18:50:20.329Z [INFO]: POST /register
2025-01-07T18:50:51.709Z [INFO]: POST /register
2025-01-07T18:53:45.925Z [INFO]: POST /register
2025-01-07T18:57:20.639Z [INFO]: POST /register
2025-01-07T18:57:35.111Z [INFO]: POST /register
2025-01-07T18:57:49.038Z [INFO]: POST /login
2025-01-07T19:04:05.591Z [INFO]: POST /login
2025-01-07T19:06:14.014Z [INFO]: POST /login
2025-01-07T19:15:30.807Z [INFO]: POST /login
2025-01-07T19:27:05.367Z [INFO]: POST /login
2025-01-07T19:33:12.957Z [INFO]: POST /login
2025-01-07T19:33:32.801Z [INFO]: POST /login
2025-01-07T19:35:06.667Z [INFO]: POST /login
2025-01-07T19:42:27.541Z [INFO]: POST /login
2025-01-07T20:22:59.913Z [INFO]: POST /login
2025-01-07T20:24:39.199Z [INFO]: POST /login
2025-01-07T20:38:55.104Z [INFO]: POST /login
2025-01-07T20:44:22.094Z [INFO]: mae0593@gmail.com has disconnected.
2025-01-07T20:44:59.815Z [INFO]: mae0593@gmail.com has disconnected.
2025-01-07T20:45:11.263Z [INFO]: POST /login
2025-01-07T20:45:26.178Z [INFO]: paul.camano@gmail.com has disconnected.
2025-01-07T20:45:34.907Z [INFO]: mae0593@gmail.com has disconnected.
2025-01-07T20:45:36.477Z [INFO]: mae0593@gmail.com has disconnected.
2025-01-07T20:45:38.171Z [INFO]: paul.camano@gmail.com has disconnected.
2025-01-07T20:45:40.024Z [INFO]: mae0593@gmail.com has disconnected.
2025-01-07T20:47:27.585Z [INFO]: paul.camano@gmail.com has disconnected.
2025-01-07T20:47:56.184Z [INFO]: mae0593@gmail.com has disconnected.
2025-01-07T20:48:08.201Z [INFO]: paul.camano@gmail.com has disconnected.
2025-01-07T20:48:59.113Z [INFO]: mae0593@gmail.com has disconnected.
2025-01-07T20:53:49.199Z [INFO]: POST /login
2025-01-07T21:23:03.877Z [INFO]: paul.camano@gmail.com has disconnected.
2025-01-07T21:23:24.130Z [INFO]: paul.camano@gmail.com has disconnected.
2025-01-07T21:36:17.486Z [INFO]: paul.camano@gmail.com has disconnected.
2025-01-07T21:36:47.392Z [INFO]: paul.camano@gmail.com has disconnected.
2025-01-07T21:36:49.072Z [INFO]: paul.camano@gmail.com has disconnected.
2025-01-07T21:36:51.030Z [INFO]: paul.camano@gmail.com has disconnected.
2025-01-07T21:37:07.940Z [INFO]: paul.camano@gmail.com has disconnected.
2025-01-07T21:37:08.969Z [INFO]: paul.camano@gmail.com has disconnected.
2025-01-07T21:37:09.889Z [INFO]: paul.camano@gmail.com has disconnected.
2025-01-07T21:37:32.996Z [INFO]: POST /login
2025-01-07T21:37:49.458Z [INFO]: mae0593@gmail.com has disconnected.
2025-01-07T21:37:51.172Z [INFO]: paul.camano@gmail.com has disconnected.
2025-01-07T21:37:51.965Z [INFO]: paul.camano@gmail.com has disconnected.
2025-01-07T21:39:29.125Z [INFO]: paul.camano@gmail.com has disconnected.
2025-01-07T21:45:19.391Z [INFO]: paul.camano@gmail.com has disconnected.
2025-01-07T22:00:23.123Z [INFO]: POST /login
2025-01-07T22:00:58.610Z [INFO]: paul.camano@gmail.com has disconnected.
2025-01-07T22:01:01.622Z [INFO]: mae0593@gmail.com has disconnected.
2025-01-07T22:01:03.479Z [INFO]: mae0593@gmail.com has disconnected.
2025-01-07T22:01:04.172Z [INFO]: mae0593@gmail.com has disconnected.
2025-01-07T22:02:40.089Z [INFO]: paul.camano@gmail.com has disconnected.
2025-01-07T22:02:47.084Z [INFO]: mae0593@gmail.com has disconnected.
2025-01-07T22:02:49.384Z [INFO]: paul.camano@gmail.com has disconnected.
2025-01-07T22:04:01.448Z [INFO]: paul.camano@gmail.com has disconnected.
2025-01-07T22:04:31.949Z [INFO]: paul.camano@gmail.com has disconnected.
2025-01-07T22:10:18.821Z [INFO]: POST /login
2025-01-07T22:10:30.831Z [INFO]: POST /login
2025-01-07T22:17:02.820Z [INFO]: paul.camano@gmail.com has disconnected.
2025-01-07T22:17:04.713Z [INFO]: mae0593@gmail.com has disconnected.
2025-01-07T22:17:07.780Z [INFO]: paul.camano@gmail.com has disconnected.
2025-01-07T22:17:10.157Z [INFO]: mae0593@gmail.com has disconnected.
2025-01-07T22:17:49.431Z [INFO]: paul.camano@gmail.com has disconnected.
2025-01-07T22:17:51.141Z [INFO]: mae0593@gmail.com has disconnected.
2025-01-07T22:17:56.609Z [INFO]: paul.camano@gmail.com has disconnected.
2025-01-07T22:18:09.434Z [INFO]: POST /login
2025-01-07T22:21:31.983Z [INFO]: mae0593@gmail.com has disconnected.
2025-01-07T22:21:51.491Z [INFO]: paul.camano@gmail.com has disconnected.
2025-01-08T15:21:25.573Z [INFO]: POST /upload
2025-01-08T15:22:40.756Z [INFO]: paul.camano@gmail.com has disconnected.
2025-01-08T15:25:31.953Z [INFO]: POST /upload
2025-01-08T15:25:45.323Z [INFO]: paul.camano@gmail.com has disconnected.
2025-01-08T15:25:47.868Z [INFO]: paul.camano@gmail.com has disconnected.
2025-01-08T15:25:57.315Z [INFO]: POST /upload
2025-01-08T15:25:57.370Z [INFO]: GET /uploads/1736349957319-DSC_0405_close.JPG
2025-01-08T15:26:34.847Z [INFO]: POST /login
2025-01-08T15:26:35.130Z [INFO]: GET /uploads/1736349957319-DSC_0405_close.JPG
2025-01-08T15:26:43.196Z [INFO]: POST /upload
2025-01-08T15:26:43.240Z [INFO]: GET /uploads/1736350003199-tdd-cycle-1.png
2025-01-08T15:26:43.249Z [INFO]: GET /uploads/1736350003199-tdd-cycle-1.png
2025-01-08T15:27:34.306Z [INFO]: mae0593@gmail.com has disconnected.
2025-01-08T15:30:31.977Z [INFO]: GET /uploads/1736349957319-DSC_0405_close.JPG
2025-01-08T15:33:38.005Z [INFO]: POST /upload
2025-01-08T15:33:41.626Z [INFO]: GET /uploads/1736350418016-twilio_2FA_recovery_code.txt
2025-01-08T15:33:41.678Z [INFO]: GET /favicon.ico
2025-01-08T15:33:49.654Z [INFO]: paul.camano@gmail.com has disconnected.
2025-01-08T15:33:49.819Z [INFO]: GET /uploads/1736350003199-tdd-cycle-1.png
2025-01-08T15:33:49.822Z [INFO]: GET /uploads/1736349957319-DSC_0405_close.JPG
2025-01-08T15:49:08.905Z [INFO]: GET /uploads/1736349957319-DSC_0405_close.JPG
2025-01-08T15:49:08.914Z [INFO]: GET /uploads/1736350003199-tdd-cycle-1.png
2025-01-08T15:49:44.929Z [INFO]: POST /login
2025-01-08T15:49:45.145Z [INFO]: GET /uploads/1736349957319-DSC_0405_close.JPG
2025-01-08T15:49:45.165Z [INFO]: GET /uploads/1736350003199-tdd-cycle-1.png
2025-01-08T15:50:00.250Z [INFO]: POST /upload
2025-01-08T15:50:07.374Z [INFO]: GET /uploads/1736351400255-Q3-WK1-ENG7-MATATAG-DLL..docx
2025-01-08T15:50:13.026Z [INFO]: GET /uploads/1736351400255-Q3-WK1-ENG7-MATATAG-DLL..docx
2025-01-08T15:50:32.533Z [INFO]: mae0593@gmail.com has disconnected.
2025-01-08T15:50:38.877Z [INFO]: mae0593@gmail.com has disconnected.
2025-01-08T15:50:52.728Z [INFO]: paul.camano@gmail.com has disconnected.
2025-01-08T15:50:54.531Z [INFO]: mae0593@gmail.com has disconnected.
2025-01-08T15:52:28.468Z [INFO]: GET /uploads/1736349957319-DSC_0405_close.JPG
2025-01-08T15:52:28.487Z [INFO]: GET /uploads/1736350003199-tdd-cycle-1.png
2025-01-08T15:52:34.396Z [INFO]: paul.camano@gmail.com has disconnected.
2025-01-08T15:55:30.350Z [INFO]: GET /uploads/1736349957319-DSC_0405_close.JPG
2025-01-08T15:55:30.355Z [INFO]: GET /uploads/1736350003199-tdd-cycle-1.png
2025-01-08T15:55:34.835Z [INFO]: paul.camano@gmail.com has disconnected.
2025-01-08T15:55:35.775Z [INFO]: paul.camano@gmail.com has disconnected.
2025-01-08T15:55:56.614Z [INFO]: paul.camano@gmail.com has disconnected.
2025-01-08T15:55:59.970Z [INFO]: GET /uploads/1736349957319-DSC_0405_close.JPG
2025-01-08T15:55:59.976Z [INFO]: GET /uploads/1736350003199-tdd-cycle-1.png
2025-01-08T15:56:07.052Z [INFO]: paul.camano@gmail.com has disconnected.
2025-01-08T15:56:34.415Z [INFO]: POST /upload
2025-01-08T15:56:34.684Z [INFO]: GET /uploads/1736351794422-DSC_0407.JPG
2025-01-08T15:57:00.044Z [INFO]: paul.camano@gmail.com has disconnected.
2025-01-08T15:57:01.611Z [INFO]: paul.camano@gmail.com has disconnected.
2025-01-08T15:57:22.982Z [INFO]: paul.camano@gmail.com has disconnected.
2025-01-08T15:59:13.025Z [INFO]: paul.camano@gmail.com has disconnected.
2025-01-08T15:59:19.325Z [INFO]: paul.camano@gmail.com has disconnected.
2025-01-08T15:59:25.969Z [INFO]: paul.camano@gmail.com has disconnected.
2025-01-08T15:59:31.450Z [INFO]: paul.camano@gmail.com has disconnected.
2025-01-08T16:04:16.964Z [INFO]: paul.camano@gmail.com has disconnected.
2025-01-08T16:49:54.959Z [INFO]: GET /uploads/1736349957319-DSC_0405_close.JPG
2025-01-08T16:49:54.962Z [INFO]: GET /uploads/1736350003199-tdd-cycle-1.png
2025-01-08T16:49:54.963Z [INFO]: GET /uploads/1736351794422-DSC_0407.JPG
2025-01-08T16:49:59.286Z [INFO]: paul.camano@gmail.com has disconnected.
2025-01-08T16:50:02.109Z [INFO]: paul.camano@gmail.com has disconnected.
2025-01-08T16:50:18.079Z [INFO]: GET /uploads/1736349957319-DSC_0405_close.JPG
2025-01-08T16:50:18.082Z [INFO]: GET /uploads/1736350003199-tdd-cycle-1.png
2025-01-08T16:50:18.082Z [INFO]: GET /uploads/1736351794422-DSC_0407.JPG
2025-01-08T16:50:19.147Z [INFO]: paul.camano@gmail.com has disconnected.
2025-01-08T16:50:22.019Z [INFO]: paul.camano@gmail.com has disconnected.
2025-01-08T16:50:42.966Z [INFO]: paul.camano@gmail.com has disconnected.
2025-01-08T16:51:09.895Z [INFO]: GET /uploads/1736349957319-DSC_0405_close.JPG
2025-01-08T16:51:09.896Z [INFO]: GET /uploads/1736350003199-tdd-cycle-1.png
2025-01-08T16:51:09.897Z [INFO]: GET /uploads/1736351794422-DSC_0407.JPG
2025-01-08T16:51:11.410Z [INFO]: paul.camano@gmail.com has disconnected.
2025-01-08T16:51:22.456Z [INFO]: paul.camano@gmail.com has disconnected.
2025-01-08T16:51:28.944Z [INFO]: paul.camano@gmail.com has disconnected.
2025-01-08T16:51:33.197Z [INFO]: paul.camano@gmail.com has disconnected.
2025-01-08T16:54:32.669Z [INFO]: GET /uploads/1736349957319-DSC_0405_close.JPG
2025-01-08T16:54:32.670Z [INFO]: GET /uploads/1736350003199-tdd-cycle-1.png
2025-01-08T16:54:32.671Z [INFO]: GET /uploads/1736351794422-DSC_0407.JPG
2025-01-08T16:54:33.351Z [INFO]: paul.camano@gmail.com has disconnected.
2025-01-08T17:01:08.901Z [INFO]: GET /uploads/1736349957319-DSC_0405_close.JPG
2025-01-08T17:01:08.904Z [INFO]: GET /uploads/1736350003199-tdd-cycle-1.png
2025-01-08T17:01:08.905Z [INFO]: GET /uploads/1736351794422-DSC_0407.JPG
2025-01-08T17:01:10.716Z [INFO]: paul.camano@gmail.com has disconnected.
2025-01-08T17:01:26.535Z [INFO]: paul.camano@gmail.com has disconnected.
2025-01-08T17:01:30.058Z [INFO]: paul.camano@gmail.com has disconnected.
2025-01-08T17:01:37.423Z [INFO]: paul.camano@gmail.com has disconnected.
2025-01-08T17:01:38.524Z [INFO]: GET /uploads/1736349957319-DSC_0405_close.JPG
2025-01-08T17:01:38.527Z [INFO]: GET /uploads/1736350003199-tdd-cycle-1.png
2025-01-08T17:01:38.528Z [INFO]: GET /uploads/1736351794422-DSC_0407.JPG
2025-01-08T17:01:40.205Z [INFO]: paul.camano@gmail.com has disconnected.
2025-01-08T17:01:43.257Z [INFO]: paul.camano@gmail.com has disconnected.
2025-01-08T17:01:45.252Z [INFO]: paul.camano@gmail.com has disconnected.
2025-01-08T17:01:47.710Z [INFO]: paul.camano@gmail.com has disconnected.
2025-01-08T17:02:42.110Z [INFO]: paul.camano@gmail.com has disconnected.
2025-01-08T17:03:46.124Z [INFO]: GET /uploads/1736349957319-DSC_0405_close.JPG
2025-01-08T17:03:46.126Z [INFO]: GET /uploads/1736350003199-tdd-cycle-1.png
2025-01-08T17:03:46.129Z [INFO]: GET /uploads/1736351794422-DSC_0407.JPG
2025-01-08T17:03:47.693Z [INFO]: paul.camano@gmail.com has disconnected.
2025-01-08T17:03:50.635Z [INFO]: paul.camano@gmail.com has disconnected.
2025-01-08T17:03:53.443Z [INFO]: GET /uploads/1736349957319-DSC_0405_close.JPG
2025-01-08T17:03:53.444Z [INFO]: GET /uploads/1736350003199-tdd-cycle-1.png
2025-01-08T17:03:53.446Z [INFO]: GET /uploads/1736351794422-DSC_0407.JPG
2025-01-08T17:03:54.232Z [INFO]: paul.camano@gmail.com has disconnected.
2025-01-08T17:08:02.570Z [INFO]: GET /uploads/1736349957319-DSC_0405_close.JPG
2025-01-08T17:08:02.574Z [INFO]: GET /uploads/1736350003199-tdd-cycle-1.png
2025-01-08T17:08:02.574Z [INFO]: GET /uploads/1736351794422-DSC_0407.JPG
2025-01-08T17:08:04.348Z [INFO]: paul.camano@gmail.com has disconnected.
2025-01-08T17:08:07.953Z [INFO]: paul.camano@gmail.com has disconnected.
2025-01-08T17:08:13.591Z [INFO]: paul.camano@gmail.com has disconnected.
2025-01-09T02:50:50.473Z [INFO]: POST /login
2025-01-09T02:50:50.602Z [INFO]: GET /uploads/1736349957319-DSC_0405_close.JPG
2025-01-09T02:50:50.606Z [INFO]: GET /uploads/1736350003199-tdd-cycle-1.png
2025-01-09T02:50:50.609Z [INFO]: GET /uploads/1736351794422-DSC_0407.JPG
2025-01-09T02:50:55.182Z [INFO]: paul.camano@gmail.com has disconnected.
2025-01-09T02:50:55.242Z [INFO]: GET /uploads/1736349957319-DSC_0405_close.JPG
2025-01-09T02:50:55.243Z [INFO]: GET /uploads/1736351794422-DSC_0407.JPG
2025-01-09T02:50:55.243Z [INFO]: GET /uploads/1736350003199-tdd-cycle-1.png
2025-01-09T02:50:56.750Z [INFO]: paul.camano@gmail.com has disconnected.
2025-01-09T02:50:57.038Z [INFO]: GET /uploads/1736349957319-DSC_0405_close.JPG
2025-01-09T02:50:57.039Z [INFO]: GET /uploads/1736350003199-tdd-cycle-1.png
2025-01-09T02:50:57.040Z [INFO]: GET /uploads/1736351794422-DSC_0407.JPG
2025-01-09T02:50:58.589Z [INFO]: paul.camano@gmail.com has disconnected.
2025-01-09T02:50:59.413Z [INFO]: GET /uploads/1736349957319-DSC_0405_close.JPG
2025-01-09T02:50:59.414Z [INFO]: GET /uploads/1736350003199-tdd-cycle-1.png
2025-01-09T02:50:59.415Z [INFO]: GET /uploads/1736351794422-DSC_0407.JPG
2025-01-09T02:51:00.284Z [INFO]: paul.camano@gmail.com has disconnected.
2025-01-09T02:51:00.565Z [INFO]: GET /uploads/1736349957319-DSC_0405_close.JPG
2025-01-09T02:51:00.565Z [INFO]: GET /uploads/1736351794422-DSC_0407.JPG
2025-01-09T02:51:00.566Z [INFO]: GET /uploads/1736350003199-tdd-cycle-1.png
2025-01-09T02:51:01.434Z [INFO]: paul.camano@gmail.com has disconnected.
2025-01-09T02:51:01.708Z [INFO]: GET /uploads/1736350003199-tdd-cycle-1.png
2025-01-09T02:51:01.710Z [INFO]: GET /uploads/1736349957319-DSC_0405_close.JPG
2025-01-09T02:51:01.710Z [INFO]: GET /uploads/1736351794422-DSC_0407.JPG
2025-01-09T02:51:26.700Z [INFO]: paul.camano@gmail.com has disconnected.
2025-01-09T02:51:31.988Z [INFO]: paul.camano@gmail.com has disconnected.
2025-01-09T03:45:42.612Z [INFO]: GET /uploads/1736349957319-DSC_0405_close.JPG
2025-01-09T03:45:42.614Z [INFO]: GET /uploads/1736350003199-tdd-cycle-1.png
2025-01-09T03:45:42.618Z [INFO]: GET /uploads/1736351794422-DSC_0407.JPG
2025-01-09T03:45:53.072Z [INFO]: paul.camano@gmail.com has disconnected.
2025-01-09T03:45:56.480Z [INFO]: paul.camano@gmail.com has disconnected.
2025-01-09T03:49:26.252Z [INFO]: POST /login
2025-01-09T03:49:26.381Z [INFO]: GET /uploads/1736349957319-DSC_0405_close.JPG
2025-01-09T03:49:26.383Z [INFO]: GET /uploads/1736350003199-tdd-cycle-1.png
2025-01-09T03:49:26.389Z [INFO]: GET /uploads/1736351794422-DSC_0407.JPG
2025-01-09T03:49:29.126Z [INFO]: paul.camano@gmail.com has disconnected.
2025-01-09T03:49:29.212Z [INFO]: GET /uploads/1736350003199-tdd-cycle-1.png
2025-01-09T03:49:29.213Z [INFO]: GET /uploads/1736349957319-DSC_0405_close.JPG
2025-01-09T03:49:29.213Z [INFO]: GET /uploads/1736351794422-DSC_0407.JPG
2025-01-09T03:49:31.050Z [INFO]: paul.camano@gmail.com has disconnected.
2025-01-09T03:55:05.307Z [INFO]: POST /login
2025-01-09T03:55:06.872Z [INFO]: GET /uploads/1736349957319-DSC_0405_close.JPG
2025-01-09T03:55:06.877Z [INFO]: GET /uploads/1736350003199-tdd-cycle-1.png
2025-01-09T03:55:06.879Z [INFO]: GET /uploads/1736351794422-DSC_0407.JPG
2025-01-09T03:58:06.435Z [INFO]: GET /uploads/1736349957319-DSC_0405_close.JPG
2025-01-09T03:58:06.438Z [INFO]: GET /uploads/1736350003199-tdd-cycle-1.png
2025-01-09T03:58:06.439Z [INFO]: GET /uploads/1736351794422-DSC_0407.JPG
2025-01-09T03:58:13.638Z [INFO]: paul.camano@gmail.com has disconnected.
2025-01-09T03:58:14.088Z [INFO]: GET /uploads/1736349957319-DSC_0405_close.JPG
2025-01-09T03:58:14.089Z [INFO]: GET /uploads/1736350003199-tdd-cycle-1.png
2025-01-09T03:58:14.090Z [INFO]: GET /uploads/1736351794422-DSC_0407.JPG
2025-01-09T03:59:13.944Z [INFO]: GET /uploads/1736349957319-DSC_0405_close.JPG
2025-01-09T03:59:13.947Z [INFO]: GET /uploads/1736350003199-tdd-cycle-1.png
2025-01-09T03:59:13.948Z [INFO]: GET /uploads/1736351794422-DSC_0407.JPG
2025-01-09T04:00:15.493Z [INFO]: GET /uploads/1736349957319-DSC_0405_close.JPG
2025-01-09T04:00:15.497Z [INFO]: GET /uploads/1736350003199-tdd-cycle-1.png
2025-01-09T04:00:15.498Z [INFO]: GET /uploads/1736351794422-DSC_0407.JPG
2025-01-09T04:01:14.211Z [INFO]: GET /uploads/1736349957319-DSC_0405_close.JPG
2025-01-09T04:01:14.215Z [INFO]: GET /uploads/1736350003199-tdd-cycle-1.png
2025-01-09T04:01:14.215Z [INFO]: GET /uploads/1736351794422-DSC_0407.JPG
2025-01-09T04:04:12.084Z [INFO]: GET /uploads/1736349957319-DSC_0405_close.JPG
2025-01-09T04:04:12.087Z [INFO]: GET /uploads/1736350003199-tdd-cycle-1.png
2025-01-09T04:04:12.087Z [INFO]: GET /uploads/1736351794422-DSC_0407.JPG
2025-01-09T04:05:44.585Z [INFO]: GET /uploads/1736349957319-DSC_0405_close.JPG
2025-01-09T04:05:44.588Z [INFO]: GET /uploads/1736350003199-tdd-cycle-1.png
2025-01-09T04:05:44.589Z [INFO]: GET /uploads/1736351794422-DSC_0407.JPG
2025-01-09T04:07:34.538Z [INFO]: GET /uploads/1736349957319-DSC_0405_close.JPG
2025-01-09T04:07:34.541Z [INFO]: GET /uploads/1736350003199-tdd-cycle-1.png
2025-01-09T04:07:34.542Z [INFO]: GET /uploads/1736351794422-DSC_0407.JPG
2025-01-09T04:08:09.670Z [INFO]: paul.camano@gmail.com has disconnected.
2025-01-09T04:08:13.664Z [INFO]: paul.camano@gmail.com has disconnected.
2025-01-09T04:08:52.109Z [INFO]: paul.camano@gmail.com has disconnected.
2025-01-09T04:11:02.393Z [INFO]: GET /uploads/1736349957319-DSC_0405_close.JPG
2025-01-09T04:11:02.396Z [INFO]: GET /uploads/1736350003199-tdd-cycle-1.png
2025-01-09T04:11:02.398Z [INFO]: GET /uploads/1736351794422-DSC_0407.JPG
2025-01-09T04:11:11.897Z [INFO]: POST /upload
2025-01-09T04:14:32.925Z [INFO]: GET /uploads/1736349957319-DSC_0405_close.JPG
2025-01-09T04:14:32.929Z [INFO]: GET /uploads/1736350003199-tdd-cycle-1.png
2025-01-09T04:14:32.930Z [INFO]: GET /uploads/1736351794422-DSC_0407.JPG
2025-01-09T04:14:42.203Z [INFO]: POST /upload
2025-01-09T04:14:53.263Z [INFO]: GET /uploads/1736396082208-Purchased%20Electricity%2006-01-2025.xlsx
2025-01-09T04:16:21.111Z [INFO]: GET /uploads/1736349957319-DSC_0405_close.JPG
2025-01-09T04:16:21.114Z [INFO]: GET /uploads/1736350003199-tdd-cycle-1.png
2025-01-09T04:16:21.114Z [INFO]: GET /uploads/1736351794422-DSC_0407.JPG
2025-01-09T04:18:51.157Z [INFO]: paul.camano@gmail.com has disconnected.
2025-01-09T04:20:11.573Z [INFO]: GET /uploads/1736349957319-DSC_0405_close.JPG
2025-01-09T04:20:11.576Z [INFO]: GET /uploads/1736350003199-tdd-cycle-1.png
2025-01-09T04:20:11.578Z [INFO]: GET /uploads/1736351794422-DSC_0407.JPG
2025-01-09T04:20:44.760Z [INFO]: paul.camano@gmail.com has disconnected.
2025-01-09T04:20:47.178Z [INFO]: paul.camano@gmail.com has disconnected.
2025-01-09T04:21:10.759Z [INFO]: POST /login
2025-01-09T04:21:18.258Z [INFO]: GET /uploads/1736349957319-DSC_0405_close.JPG
2025-01-09T04:21:18.260Z [INFO]: GET /uploads/1736350003199-tdd-cycle-1.png
2025-01-09T04:21:18.260Z [INFO]: GET /uploads/1736351794422-DSC_0407.JPG
2025-01-09T04:21:19.672Z [INFO]: paul.camano@gmail.com has disconnected.
2025-01-09T04:21:47.561Z [INFO]: POST /upload
2025-01-09T04:21:47.590Z [INFO]: GET /uploads/1736396507564-289132071_2055452734661563_6111035712662234573_n.jpg
2025-01-09T04:22:04.740Z [INFO]: paul.camano@gmail.com has disconnected.
2025-01-09T04:22:06.285Z [INFO]: paul.camano@gmail.com has disconnected.
2025-01-09T04:22:09.481Z [INFO]: paul.camano@gmail.com has disconnected.
2025-01-09T04:22:18.656Z [INFO]: paul.camano@gmail.com has disconnected.
2025-01-09T04:23:18.610Z [INFO]: POST /login
2025-01-09T04:23:21.064Z [INFO]: GET /uploads/1736349957319-DSC_0405_close.JPG
2025-01-09T04:23:21.065Z [INFO]: GET /uploads/1736350003199-tdd-cycle-1.png
2025-01-09T04:23:21.066Z [INFO]: GET /uploads/1736351794422-DSC_0407.JPG
2025-01-09T04:23:21.068Z [INFO]: GET /uploads/1736396507564-289132071_2055452734661563_6111035712662234573_n.jpg
2025-01-09T04:23:36.892Z [INFO]: POST /upload
2025-01-09T04:23:36.912Z [INFO]: GET /uploads/1736396616893-1714407215635.jpg
2025-01-09T04:23:36.913Z [INFO]: GET /uploads/1736396616893-1714407215635.jpg
2025-01-09T04:24:13.765Z [INFO]: POST /upload
2025-01-09T04:24:28.296Z [INFO]: paul.camano@gmail.com has disconnected.
2025-01-09T04:25:09.827Z [INFO]: mae0593@gmail.com has disconnected.
2025-01-09T14:08:56.359Z [INFO]: POST /send-email
2025-01-09T14:09:55.452Z [INFO]: POST /send-email
2025-01-09T14:11:42.481Z [INFO]: POST /send-email
2025-01-09T14:17:07.948Z [INFO]: POST /send-email
2025-01-09T14:38:26.858Z [INFO]: GET /uploads/1736349957319-DSC_0405_close.JPG
2025-01-09T14:38:26.864Z [INFO]: GET /uploads/1736350003199-tdd-cycle-1.png
2025-01-09T14:38:26.864Z [INFO]: GET /uploads/1736351794422-DSC_0407.JPG
2025-01-09T14:38:26.868Z [INFO]: GET /uploads/1736396507564-289132071_2055452734661563_6111035712662234573_n.jpg
2025-01-09T14:38:26.874Z [INFO]: GET /uploads/1736396616893-1714407215635.jpg
2025-01-09T14:38:30.988Z [INFO]: paul.camano@gmail.com has disconnected.
2025-01-09T14:40:34.487Z [INFO]: GET /emails
2025-01-09T14:40:36.015Z [INFO]: GET /uploads/1736349957319-DSC_0405_close.JPG
2025-01-09T14:40:36.017Z [INFO]: GET /uploads/1736350003199-tdd-cycle-1.png
2025-01-09T14:40:36.021Z [INFO]: GET /uploads/1736351794422-DSC_0407.JPG
2025-01-09T14:40:36.022Z [INFO]: GET /uploads/1736396507564-289132071_2055452734661563_6111035712662234573_n.jpg
2025-01-09T14:40:36.023Z [INFO]: GET /uploads/1736396616893-1714407215635.jpg
2025-01-09T14:40:39.193Z [INFO]: paul.camano@gmail.com has disconnected.
2025-01-09T14:40:39.210Z [INFO]: GET /emails
2025-01-09T14:41:09.308Z [INFO]: GET /emails
2025-01-09T14:41:39.301Z [INFO]: GET /emails
2025-01-09T14:42:09.317Z [INFO]: GET /emails
2025-01-09T14:42:29.188Z [INFO]: GET /emails
2025-01-09T14:42:36.989Z [INFO]: GET /emails
2025-01-09T14:43:07.337Z [INFO]: GET /emails
2025-01-09T14:43:37.314Z [INFO]: GET /emails
2025-01-09T14:43:48.252Z [INFO]: GET /emails
2025-01-09T14:44:18.343Z [INFO]: GET /emails
2025-01-09T14:44:48.354Z [INFO]: GET /emails
2025-01-09T14:45:18.344Z [INFO]: GET /emails
2025-01-09T14:45:48.352Z [INFO]: GET /emails
2025-01-09T14:46:02.985Z [INFO]: GET /emails
2025-01-09T14:46:33.333Z [INFO]: GET /emails
2025-01-09T14:47:03.345Z [INFO]: GET /emails
2025-01-09T14:47:33.352Z [INFO]: GET /emails
2025-01-09T14:48:26.217Z [INFO]: GET /uploads/1736349957319-DSC_0405_close.JPG
2025-01-09T14:48:26.219Z [INFO]: GET /uploads/1736350003199-tdd-cycle-1.png
2025-01-09T14:48:26.222Z [INFO]: GET /uploads/1736351794422-DSC_0407.JPG
2025-01-09T14:48:26.222Z [INFO]: GET /uploads/1736396507564-289132071_2055452734661563_6111035712662234573_n.jpg
2025-01-09T14:48:26.223Z [INFO]: GET /uploads/1736396616893-1714407215635.jpg
2025-01-09T14:48:27.240Z [INFO]: paul.camano@gmail.com has disconnected.
2025-01-09T14:48:29.453Z [INFO]: GET /emails
2025-01-09T14:49:00.325Z [INFO]: GET /emails
2025-01-09T14:49:30.338Z [INFO]: GET /emails
2025-01-09T14:50:00.335Z [INFO]: GET /emails
2025-01-09T14:50:30.335Z [INFO]: GET /emails
2025-01-09T14:51:34.320Z [INFO]: GET /emails
2025-01-09T14:52:21.195Z [INFO]: GET /emails
2025-01-09T14:52:26.851Z [INFO]: GET /emails
2025-01-09T14:52:57.331Z [INFO]: GET /emails
2025-01-09T14:53:26.856Z [INFO]: GET /emails
2025-01-09T14:53:56.845Z [INFO]: GET /emails
2025-01-09T14:54:26.849Z [INFO]: GET /emails
2025-01-09T14:54:56.588Z [INFO]: GET /uploads/1736349957319-DSC_0405_close.JPG
2025-01-09T14:54:56.592Z [INFO]: GET /uploads/1736350003199-tdd-cycle-1.png
2025-01-09T14:54:56.593Z [INFO]: GET /uploads/1736351794422-DSC_0407.JPG
2025-01-09T14:54:56.595Z [INFO]: GET /uploads/1736396507564-289132071_2055452734661563_6111035712662234573_n.jpg
2025-01-09T14:54:56.595Z [INFO]: GET /uploads/1736396616893-1714407215635.jpg
2025-01-09T14:54:58.784Z [INFO]: paul.camano@gmail.com has disconnected.
2025-01-09T14:54:58.798Z [INFO]: GET /emails
2025-01-09T14:55:29.326Z [INFO]: GET /emails
2025-01-09T14:55:59.337Z [INFO]: GET /emails
2025-01-09T14:56:28.807Z [INFO]: GET /emails
2025-01-09T14:56:58.793Z [INFO]: GET /emails
2025-01-09T14:57:28.792Z [INFO]: GET /emails
2025-01-09T14:57:58.790Z [INFO]: GET /emails
2025-01-09T14:58:29.350Z [INFO]: GET /emails
2025-01-09T14:58:58.800Z [INFO]: GET /emails
2025-01-09T14:59:29.328Z [INFO]: GET /emails
2025-01-09T15:00:33.320Z [INFO]: GET /emails
2025-01-09T15:00:59.335Z [INFO]: GET /emails
2025-01-09T15:01:29.330Z [INFO]: GET /emails
2025-01-09T15:02:34.335Z [INFO]: GET /emails
2025-01-09T15:03:34.313Z [INFO]: GET /emails
2025-01-09T15:04:34.330Z [INFO]: GET /emails
2025-01-09T15:05:34.313Z [INFO]: GET /emails
2025-01-09T15:06:34.337Z [INFO]: GET /emails
2025-01-09T15:07:34.336Z [INFO]: GET /emails
2025-01-09T15:09:14.416Z [INFO]: GET /emails
2025-01-09T15:09:28.069Z [INFO]: GET /uploads/1736349957319-DSC_0405_close.JPG
2025-01-09T15:09:28.071Z [INFO]: GET /uploads/1736350003199-tdd-cycle-1.png
2025-01-09T15:09:28.074Z [INFO]: GET /uploads/1736351794422-DSC_0407.JPG
2025-01-09T15:09:28.075Z [INFO]: GET /uploads/1736396507564-289132071_2055452734661563_6111035712662234573_n.jpg
2025-01-09T15:09:28.075Z [INFO]: GET /uploads/1736396616893-1714407215635.jpg
2025-01-09T15:09:33.337Z [INFO]: paul.camano@gmail.com has disconnected.
2025-01-09T15:11:15.052Z [INFO]: GET /emails
2025-01-09T15:11:25.189Z [INFO]: GET /emails/1944b91abcba141b
2025-01-09T15:18:02.818Z [INFO]: GET /uploads/1736349957319-DSC_0405_close.JPG
2025-01-09T15:18:02.822Z [INFO]: GET /uploads/1736350003199-tdd-cycle-1.png
2025-01-09T15:18:02.822Z [INFO]: GET /uploads/1736351794422-DSC_0407.JPG
2025-01-09T15:18:02.823Z [INFO]: GET /uploads/1736396507564-289132071_2055452734661563_6111035712662234573_n.jpg
2025-01-09T15:18:02.825Z [INFO]: GET /uploads/1736396616893-1714407215635.jpg
2025-01-09T15:18:06.579Z [INFO]: paul.camano@gmail.com has disconnected.
2025-01-09T15:18:06.602Z [INFO]: GET /emails
2025-01-09T15:18:11.779Z [INFO]: GET /emails/1944b91abcba141b
2025-01-09T15:18:44.938Z [INFO]: GET /attachments/1944b91abcba141b/ANGjdJ9z4JPNfvp750Xnp-yAw5YSPOf_CRnI73oX8pfNMp51lEMGk1bhFCGRIjrainYbOVrhN0edvJoaY-aIxVQZjALNFUEvZDPWHD0EpMB-DxiQYFbDGBmfPgzRa9H38RMw-RxZRCAyVKGK6N-kJ1LwtjPxEag4PR0Ks_pJ4pjTYBIePzBrF-vu6WmDzddqQPRR99aj_82cx3IaxQ0Dpfyo3lNf5LRHSetBpiZvumUZ8S3BgCU0XcquI8TEXsJydjAJU7m8gm4bGSnmDVFkkE6tTFxyW02AgEThzoWn70FLLk6dDGzch7ryumorA21NEvLgS6d8Yng3zXRJhY05rmm0nuGoMEiQYhV88EbpkNtopjJ3cWn1vSLjudh-oX8ODR7CrFlnMFI4lJxw2kZr
2025-01-09T15:18:44.977Z [INFO]: GET /favicon.ico
2025-01-09T15:18:47.605Z [INFO]: GET /attachments/1944b91abcba141b/ANGjdJ9z4JPNfvp750Xnp-yAw5YSPOf_CRnI73oX8pfNMp51lEMGk1bhFCGRIjrainYbOVrhN0edvJoaY-aIxVQZjALNFUEvZDPWHD0EpMB-DxiQYFbDGBmfPgzRa9H38RMw-RxZRCAyVKGK6N-kJ1LwtjPxEag4PR0Ks_pJ4pjTYBIePzBrF-vu6WmDzddqQPRR99aj_82cx3IaxQ0Dpfyo3lNf5LRHSetBpiZvumUZ8S3BgCU0XcquI8TEXsJydjAJU7m8gm4bGSnmDVFkkE6tTFxyW02AgEThzoWn70FLLk6dDGzch7ryumorA21NEvLgS6d8Yng3zXRJhY05rmm0nuGoMEiQYhV88EbpkNtopjJ3cWn1vSLjudh-oX8ODR7CrFlnMFI4lJxw2kZr
2025-01-09T15:19:45.375Z [INFO]: GET /emails/1944b91abcba141b
2025-01-09T15:26:17.069Z [INFO]: GET /uploads/1736349957319-DSC_0405_close.JPG
2025-01-09T15:26:17.073Z [INFO]: GET /uploads/1736350003199-tdd-cycle-1.png
2025-01-09T15:26:17.074Z [INFO]: GET /uploads/1736351794422-DSC_0407.JPG
2025-01-09T15:26:17.075Z [INFO]: GET /uploads/1736396507564-289132071_2055452734661563_6111035712662234573_n.jpg
2025-01-09T15:26:17.076Z [INFO]: GET /uploads/1736396616893-1714407215635.jpg
2025-01-09T15:26:20.170Z [INFO]: paul.camano@gmail.com has disconnected.
2025-01-09T15:26:20.181Z [INFO]: GET /emails
2025-01-09T15:26:26.839Z [INFO]: GET /emails/1944b91abcba141b
2025-01-09T15:26:35.237Z [INFO]: GET /attachments/1944b91abcba141b/ANGjdJ9b-aKguYtqVgk_Tr-XBy-e74KDIS-Psz6QdilX_VxwVxxb60NDTPEqIAZRnzu1Wf4L-BDW5UPzI8rCMmhdYSIu38QCcWI9PJWxBRqv9SYXKSTW1Zu87sBLGYsJYX7_wMD8sDDyX_6t2LSVPvuUBEoqcw_LFuXtzku7oKbKhlFrmSfAvAiCo1eqCGaawH3suPSJ6USzE-TLniXG-m79q-dwjsV82_sjiDBaZU6-i4VbKb6vo4g9C119oKwNudjjpCYXBs8bsO5YP7kowqn9I51rFuPF8icb1g5TLyQHqt-lKzlIvilE-FqZrjJVExjiyONgGzcmExTur51rDaSii-w_PFIlQx_lruq0cCut6v_Vu4aKq1Nn0-EQ0yKht-Ur8Okj_2FZPAIFxxNK
2025-01-09T15:26:35.693Z [INFO]: GET /favicon.ico
2025-01-09T15:27:59.147Z [INFO]: GET /uploads/1736349957319-DSC_0405_close.JPG
2025-01-09T15:27:59.153Z [INFO]: GET /uploads/1736350003199-tdd-cycle-1.png
2025-01-09T15:27:59.153Z [INFO]: GET /uploads/1736351794422-DSC_0407.JPG
2025-01-09T15:27:59.155Z [INFO]: GET /uploads/1736396507564-289132071_2055452734661563_6111035712662234573_n.jpg
2025-01-09T15:27:59.156Z [INFO]: GET /uploads/1736396616893-1714407215635.jpg
2025-01-09T15:28:00.524Z [INFO]: paul.camano@gmail.com has disconnected.
2025-01-09T15:28:00.533Z [INFO]: GET /emails
2025-01-09T15:28:03.465Z [INFO]: GET /attachments/1944b91abcba141b/ANGjdJ8YBPh3TtZkXyK-a_yEGwM-LahzO7R82SwC-VSxy1pKdmuSNVB8Eg5JrIE_Ic3oLgrGOGf1L7M9E-lA-Si2OlSCwHyHsQ6FWeaqB_7TJ-52kslTFzX0is4h2xkLI6TOoc4Bi45aINXSSMxeLN7G1OAdhxYWrCp-N4kYJEuN77MYpVFhg0x-iyGddvAMWo4P-KJEO4EEeOD35VQ9BknwgsxAROi-N7R_LsNdTBaZGeCLrchPjR6lC8cjigyhPre5EMgCDYNLdkXvLeJ_YWxynhC7G-jzE4r6_wHRmSwg7WpS61ZUKPdiqcS7Yj5Eqn_2TSvrxyPI6yMN5lAH64sBqrS1LqQ-a-s7m-RPrHw7D2MNmrSUZGen_EHcMlk67k97jj1diXhL953YzIx8
2025-01-09T15:28:03.929Z [INFO]: GET /favicon.ico
2025-01-09T15:28:07.754Z [INFO]: GET /attachments/1944b6d247a83c93/ANGjdJ8uThF1t7p4pRSv9B7vpeD7pV6ooNfjZ7mlS8wf01D4Sa27poAj6t_tVjz4MpH8De4CE3pwtwQLjHaDkGZ8a7rdzf00wTsCOt0zGtNAYj9bPnQPMBonaLx_EIVkNCKC6pRNZtMCHaKWfl1-TyuWtC3LFo1_rwp8Sc5mHIuXGUSKu3W0NAh1XegtIcEjHjsjMozOI0x0UU2JrG2Ds6mnnb4EQY9SObRvNIFqlxEVHagu5jj50y2B2DxUdxLH4NzoXfWmMKjBBzspmP2rO1I5wlIlqrLaecrpam6Fi6VegzHAY1T2dONXEQAwy6gve_nDRZdlkKuVN_Q9kFZsgLLCRgs9_I7I7vnoYOHBgCtpTezFSRBN-DHqvZENnmIORF36VPTpKdV3X7JMPz6T
2025-01-09T15:28:13.170Z [INFO]: GET /emails/1944b4fd582323a2
2025-01-09T15:28:39.370Z [INFO]: GET /emails
2025-01-09T15:28:42.841Z [INFO]: GET /emails/1944b71ad55587ee
2025-01-09T15:28:46.289Z [INFO]: GET /emails
2025-01-09T15:28:48.393Z [INFO]: GET /emails/1944ba3facc58bef
2025-01-09T15:30:15.885Z [INFO]: GET /emails
2025-01-09T15:30:19.511Z [INFO]: GET /emails/1944b5f22db74f2d
2025-01-09T15:30:22.358Z [INFO]: GET /emails
2025-01-09T15:30:52.365Z [INFO]: GET /emails
2025-01-09T15:30:52.737Z [INFO]: GET /emails/1944b6d247a83c93
2025-01-09T15:31:04.178Z [INFO]: GET /emails
2025-01-09T15:31:06.718Z [INFO]: GET /emails/1944b91abcba141b
2025-01-09T15:35:54.617Z [INFO]: GET /emails
2025-01-09T15:35:57.531Z [INFO]: GET /emails/1944ba3facc58bef
2025-01-09T15:36:23.905Z [INFO]: GET /emails
2025-01-09T15:36:26.578Z [INFO]: GET /emails/1944ba3facc58bef
2025-01-09T15:37:41.237Z [INFO]: GET /uploads/1736349957319-DSC_0405_close.JPG
2025-01-09T15:37:41.241Z [INFO]: GET /uploads/1736350003199-tdd-cycle-1.png
2025-01-09T15:37:41.242Z [INFO]: GET /uploads/1736351794422-DSC_0407.JPG
2025-01-09T15:37:41.243Z [INFO]: GET /uploads/1736396507564-289132071_2055452734661563_6111035712662234573_n.jpg
2025-01-09T15:37:41.247Z [INFO]: GET /uploads/1736396616893-1714407215635.jpg
2025-01-09T15:37:44.090Z [INFO]: paul.camano@gmail.com has disconnected.
2025-01-09T15:37:44.105Z [INFO]: GET /emails
2025-01-09T15:37:51.029Z [INFO]: GET /emails/1944b91abcba141b
2025-01-09T15:37:56.622Z [INFO]: GET /emails
2025-01-09T15:38:00.609Z [INFO]: GET /emails/1944b5f22db74f2d
2025-01-09T15:40:37.697Z [INFO]: GET /emails/1944b5f22db74f2d
2025-01-09T15:43:28.724Z [INFO]: GET /emails/1944b5f22db74f2d
2025-01-09T15:43:54.057Z [INFO]: GET /emails/1944b5f22db74f2d
2025-01-09T15:43:57.984Z [INFO]: GET /emails
2025-01-09T15:44:08.682Z [INFO]: GET /emails/1944b71ad55587ee
2025-01-09T15:45:00.665Z [INFO]: GET /emails
2025-01-09T15:45:42.561Z [INFO]: GET /uploads/1736349957319-DSC_0405_close.JPG
2025-01-09T15:45:42.563Z [INFO]: GET /uploads/1736350003199-tdd-cycle-1.png
2025-01-09T15:45:42.564Z [INFO]: GET /uploads/1736351794422-DSC_0407.JPG
2025-01-09T15:45:42.564Z [INFO]: GET /uploads/1736396507564-289132071_2055452734661563_6111035712662234573_n.jpg
2025-01-09T15:45:42.568Z [INFO]: GET /uploads/1736396616893-1714407215635.jpg
2025-01-09T15:45:44.664Z [INFO]: paul.camano@gmail.com has disconnected.
2025-01-09T15:45:44.676Z [INFO]: GET /emails
2025-01-09T15:45:48.158Z [INFO]: GET /emails/1944b71ad55587ee
2025-01-09T15:45:54.434Z [INFO]: GET /emails
2025-01-09T15:45:57.277Z [INFO]: GET /emails/1944b5f22db74f2d
2025-01-09T15:46:46.477Z [INFO]: GET /emails
2025-01-09T15:46:51.121Z [INFO]: GET /emails/1944b6d247a83c93
2025-01-09T15:46:58.986Z [INFO]: GET /emails
2025-01-09T15:47:04.223Z [INFO]: GET /emails/1944b91abcba141b
2025-01-09T15:47:07.235Z [INFO]: GET /emails
2025-01-09T15:47:11.861Z [INFO]: GET /emails/1944b62ae33dec0d
2025-01-09T15:47:20.870Z [INFO]: GET /emails
2025-01-09T15:47:27.342Z [INFO]: GET /emails/1944b5269df29b33
2025-01-09T15:47:34.018Z [INFO]: GET /emails
2025-01-09T15:48:04.337Z [INFO]: GET /emails
2025-01-09T15:48:34.326Z [INFO]: GET /emails
2025-01-09T15:49:27.465Z [INFO]: GET /emails
2025-01-09T15:49:29.319Z [INFO]: GET /emails
2025-01-09T15:49:30.387Z [INFO]: GET /emails
2025-01-09T15:49:31.940Z [INFO]: GET /emails
2025-01-09T15:49:34.321Z [INFO]: GET /emails
2025-01-09T15:49:35.576Z [INFO]: GET /emails
2025-01-09T15:49:36.748Z [INFO]: GET /emails
2025-01-09T15:49:38.084Z [INFO]: GET /emails
2025-01-09T15:49:39.372Z [INFO]: GET /emails
2025-01-09T15:49:40.845Z [INFO]: GET /emails
2025-01-09T15:49:42.351Z [INFO]: GET /emails
2025-01-09T15:49:43.884Z [INFO]: GET /emails
2025-01-09T15:49:45.385Z [INFO]: GET /emails
2025-01-09T15:49:46.909Z [INFO]: GET /emails
2025-01-09T15:49:48.418Z [INFO]: GET /emails
2025-01-09T15:49:49.907Z [INFO]: GET /emails
2025-01-09T15:49:52.359Z [INFO]: GET /emails
2025-01-09T15:49:53.948Z [INFO]: GET /emails
2025-01-09T15:49:55.133Z [INFO]: GET /emails
2025-01-09T15:49:55.994Z [INFO]: GET /emails
2025-01-09T15:49:57.403Z [INFO]: GET /emails
2025-01-09T15:49:59.354Z [INFO]: GET /emails
2025-01-09T15:50:01.348Z [INFO]: GET /emails
2025-01-09T15:50:02.336Z [INFO]: GET /emails
2025-01-09T15:50:04.328Z [INFO]: GET /emails
2025-01-09T15:50:05.328Z [INFO]: GET /emails
2025-01-09T15:50:07.314Z [INFO]: GET /emails
2025-01-09T15:50:08.475Z [INFO]: GET /emails
2025-01-09T15:50:10.303Z [INFO]: GET /emails
2025-01-09T15:50:11.631Z [INFO]: GET /emails
2025-01-09T15:50:13.284Z [INFO]: GET /emails
2025-01-09T15:50:14.329Z [INFO]: GET /emails
2025-01-09T15:50:16.347Z [INFO]: GET /emails
2025-01-09T15:50:17.641Z [INFO]: GET /emails
2025-01-09T15:50:19.350Z [INFO]: GET /emails
2025-01-09T15:50:20.361Z [INFO]: GET /emails
2025-01-09T15:50:22.355Z [INFO]: GET /emails
2025-01-09T15:50:23.374Z [INFO]: GET /emails
2025-01-09T15:50:25.368Z [INFO]: GET /emails
2025-01-09T15:50:46.346Z [INFO]: GET /emails
2025-01-09T15:50:48.362Z [INFO]: GET /emails
2025-01-09T15:50:49.360Z [INFO]: GET /emails
2025-01-09T15:50:51.347Z [INFO]: GET /emails
2025-01-09T15:52:08.288Z [INFO]: GET /emails
2025-01-09T15:52:09.424Z [INFO]: GET /emails
2025-01-09T15:52:10.858Z [INFO]: GET /emails
2025-01-09T15:52:12.366Z [INFO]: GET /emails
2025-01-09T15:52:12.695Z [INFO]: GET /emails
2025-01-09T15:52:14.187Z [INFO]: GET /emails
2025-01-09T15:52:15.704Z [INFO]: GET /emails
2025-01-09T15:52:17.222Z [INFO]: GET /emails
2025-01-09T15:53:25.712Z [INFO]: POST /send-email
2025-01-09T15:53:33.555Z [INFO]: GET /emails
2025-01-09T15:53:35.044Z [INFO]: GET /emails
2025-01-09T15:53:36.537Z [INFO]: GET /emails
2025-01-09T15:53:38.030Z [INFO]: GET /emails
2025-01-09T15:53:39.525Z [INFO]: GET /emails
2025-01-09T15:53:41.029Z [INFO]: GET /emails
2025-01-09T15:53:42.509Z [INFO]: GET /emails
2025-01-09T15:53:43.309Z [INFO]: GET /emails/1944bc5472d20f26
2025-01-09T15:53:47.131Z [INFO]: GET /emails
2025-01-09T15:53:48.645Z [INFO]: GET /emails
2025-01-09T15:53:50.148Z [INFO]: GET /emails
2025-01-09T15:53:51.651Z [INFO]: GET /emails
2025-01-09T15:53:53.157Z [INFO]: GET /emails
2025-01-09T15:53:54.498Z [INFO]: GET /emails/1944bc5472d20f26
2025-01-09T15:53:55.677Z [INFO]: GET /emails
2025-01-09T15:53:57.166Z [INFO]: GET /emails
2025-01-09T15:53:58.667Z [INFO]: GET /emails
2025-01-09T15:54:32.570Z [INFO]: POST /send-email
2025-01-09T15:54:36.191Z [INFO]: GET /emails
2025-01-09T15:54:37.696Z [INFO]: GET /emails
2025-01-09T15:54:39.187Z [INFO]: GET /emails
2025-01-09T15:54:40.667Z [INFO]: GET /emails
2025-01-09T15:54:42.168Z [INFO]: GET /emails
2025-01-09T15:54:43.652Z [INFO]: GET /emails
2025-01-09T15:54:45.185Z [INFO]: GET /emails
2025-01-09T15:54:46.701Z [INFO]: GET /emails
2025-01-09T15:54:49.386Z [INFO]: GET /emails
2025-01-09T15:54:50.549Z [INFO]: GET /emails
2025-01-09T15:54:51.437Z [INFO]: GET /emails
2025-01-09T15:54:53.365Z [INFO]: GET /emails
2025-01-09T15:54:54.363Z [INFO]: GET /emails
2025-01-09T15:54:56.368Z [INFO]: GET /emails
2025-01-09T15:54:57.360Z [INFO]: GET /emails
2025-01-09T15:54:59.354Z [INFO]: GET /emails
2025-01-09T15:55:00.532Z [INFO]: GET /emails
2025-01-09T15:55:02.365Z [INFO]: GET /emails
2025-01-09T15:55:03.323Z [INFO]: GET /emails
2025-01-09T15:55:05.317Z [INFO]: GET /emails
2025-01-09T15:55:06.309Z [INFO]: GET /emails
2025-01-09T15:55:08.309Z [INFO]: GET /emails
2025-01-09T15:55:09.167Z [INFO]: GET /emails
2025-01-09T15:55:10.664Z [INFO]: GET /emails
2025-01-09T15:55:12.154Z [INFO]: GET /emails
2025-01-09T15:55:13.659Z [INFO]: GET /emails
2025-01-09T15:55:15.188Z [INFO]: GET /emails
2025-01-09T15:55:16.704Z [INFO]: GET /emails
2025-01-09T15:55:18.209Z [INFO]: GET /emails
2025-01-09T15:55:19.208Z [INFO]: GET /emails/1944bc64b3724ec8
2025-01-09T15:55:28.318Z [INFO]: GET /emails
2025-01-09T15:55:29.804Z [INFO]: GET /emails
2025-01-09T15:55:30.271Z [INFO]: GET /attachments/1944bc64b3724ec8/ANGjdJ89XIuXBHS6gc0w3aJVm8-gHV3K3K2HCyOHQqAwV7MNBln49JhvJW0PuxjzZo3rIdNi1NdtgaeVsygfzbZqRnyCAMC57jOl6j4HN1rswExnGxlc3kuWOAzgUN8cNzP_ulEY_p7Pp_r_dIEJYwitmp1feg1T5LDWwzD4ktn80bISUlv5R0WvIES5Xw-2ldg4faYa172HYO6RLjFJ0aAacXxyzgW9ZKNrRohgQt9B3v-wajttvKpJqx1H1a_sOPzA7wpovx17EABv0OuCTjK9xNdhMREqz5TriHajruIhMjwKdtqEPS62hyl3Hua-9GCD4MeMJxnd3xb2m7OcnV7V31i9jXhjX6O7EWUqL7vAuGTEeIydPdbsJJsFsBe3LcppO3bN4pmB-14UrGXd
2025-01-09T15:55:30.703Z [INFO]: GET /favicon.ico
2025-01-09T15:55:31.344Z [INFO]: GET /emails
2025-01-09T15:55:33.326Z [INFO]: GET /emails
2025-01-09T15:55:34.293Z [INFO]: GET /emails
2025-01-09T15:55:35.779Z [INFO]: GET /emails
2025-01-09T15:55:37.287Z [INFO]: GET /emails
2025-01-09T15:55:38.779Z [INFO]: GET /emails
2025-01-09T15:55:40.271Z [INFO]: GET /emails
2025-01-09T15:55:41.765Z [INFO]: GET /emails
2025-01-09T15:55:43.254Z [INFO]: GET /emails
2025-01-09T15:55:44.785Z [INFO]: GET /emails
2025-01-09T15:55:46.328Z [INFO]: GET /emails
2025-01-09T15:55:48.344Z [INFO]: GET /emails
2025-01-09T15:55:49.344Z [INFO]: GET /emails
2025-01-09T15:55:50.815Z [INFO]: GET /emails
2025-01-09T15:55:52.312Z [INFO]: GET /emails
2025-01-09T15:55:53.806Z [INFO]: GET /emails
2025-01-09T15:55:55.309Z [INFO]: GET /emails
2025-01-09T15:55:56.812Z [INFO]: GET /emails
2025-01-09T15:55:58.303Z [INFO]: GET /emails
2025-01-09T15:55:59.800Z [INFO]: GET /emails
2025-01-09T15:56:01.293Z [INFO]: GET /emails
2025-01-09T15:56:02.790Z [INFO]: GET /emails
2025-01-09T15:56:04.285Z [INFO]: GET /emails
2025-01-09T15:56:05.777Z [INFO]: GET /emails
2025-01-09T15:56:07.269Z [INFO]: GET /emails
2025-01-09T15:56:08.764Z [INFO]: GET /emails
2025-01-09T15:56:10.256Z [INFO]: GET /emails
2025-01-09T15:56:11.759Z [INFO]: GET /emails
2025-01-09T15:56:13.235Z [INFO]: GET /emails
2025-01-09T15:56:14.785Z [INFO]: GET /emails
2025-01-09T15:56:16.303Z [INFO]: GET /emails
2025-01-09T15:56:17.814Z [INFO]: GET /emails
2025-01-09T15:56:19.316Z [INFO]: GET /emails
2025-01-09T15:56:20.817Z [INFO]: GET /emails
2025-01-09T15:56:22.323Z [INFO]: GET /emails
2025-01-09T15:56:23.827Z [INFO]: GET /emails
2025-01-09T15:56:25.322Z [INFO]: GET /emails
2025-01-09T15:56:26.824Z [INFO]: GET /emails
2025-01-09T15:56:28.321Z [INFO]: GET /emails
2025-01-09T15:56:29.821Z [INFO]: GET /emails
2025-01-09T15:56:31.305Z [INFO]: GET /emails
2025-01-09T15:56:32.798Z [INFO]: GET /emails
2025-01-09T15:56:34.301Z [INFO]: GET /emails
2025-01-09T15:56:35.795Z [INFO]: GET /emails
2025-01-09T15:56:37.287Z [INFO]: GET /emails
2025-01-09T15:56:38.786Z [INFO]: GET /emails
2025-01-09T15:56:40.272Z [INFO]: GET /emails
2025-01-09T15:56:41.756Z [INFO]: GET /emails
2025-01-09T15:56:43.250Z [INFO]: GET /emails
2025-01-09T15:56:44.779Z [INFO]: GET /emails
2025-01-09T15:56:46.290Z [INFO]: GET /emails
2025-01-09T15:56:47.804Z [INFO]: GET /emails
2025-01-09T15:56:49.319Z [INFO]: GET /emails
2025-01-09T15:56:50.825Z [INFO]: GET /emails
2025-01-09T15:56:52.321Z [INFO]: GET /emails
2025-01-09T15:56:53.822Z [INFO]: GET /emails
2025-01-09T15:56:55.314Z [INFO]: GET /emails
2025-01-09T15:56:56.818Z [INFO]: GET /emails
2025-01-09T15:56:58.306Z [INFO]: GET /emails
2025-01-09T15:56:59.806Z [INFO]: GET /emails
2025-01-09T15:57:01.306Z [INFO]: GET /emails
2025-01-09T15:57:02.787Z [INFO]: GET /emails
2025-01-09T15:57:04.298Z [INFO]: GET /emails
2025-01-09T15:57:05.782Z [INFO]: GET /emails
2025-01-09T15:57:07.274Z [INFO]: GET /emails
2025-01-09T15:57:08.770Z [INFO]: GET /emails
2025-01-09T15:57:10.262Z [INFO]: GET /emails
2025-01-09T15:57:11.742Z [INFO]: GET /emails
2025-01-09T15:57:13.239Z [INFO]: GET /emails
2025-01-09T15:57:14.787Z [INFO]: GET /emails
2025-01-09T15:57:16.291Z [INFO]: GET /emails
2025-01-09T15:57:17.804Z [INFO]: GET /emails
2025-01-09T15:57:19.315Z [INFO]: GET /emails
2025-01-09T15:57:20.811Z [INFO]: GET /emails
2025-01-09T15:57:22.323Z [INFO]: GET /emails
2025-01-09T15:57:23.827Z [INFO]: GET /emails
2025-01-09T15:57:25.315Z [INFO]: GET /emails
2025-01-09T15:57:26.819Z [INFO]: GET /emails
2025-01-09T15:57:28.320Z [INFO]: GET /emails
2025-01-09T15:57:29.806Z [INFO]: GET /emails
2025-01-09T15:57:31.311Z [INFO]: GET /emails
2025-01-09T15:57:32.797Z [INFO]: GET /emails
2025-01-09T15:57:34.292Z [INFO]: GET /emails
2025-01-09T15:57:50.584Z [INFO]: GET /emails
2025-01-09T15:57:51.474Z [INFO]: GET /emails
2025-01-09T15:57:52.320Z [INFO]: GET /emails
2025-01-09T15:57:53.185Z [INFO]: GET /emails
2025-01-09T15:57:54.017Z [INFO]: GET /emails
2025-01-09T15:57:54.867Z [INFO]: GET /emails
2025-01-09T15:57:55.717Z [INFO]: GET /emails
2025-01-09T15:57:56.600Z [INFO]: GET /emails
2025-01-09T15:57:57.471Z [INFO]: GET /emails
2025-01-09T15:57:58.326Z [INFO]: GET /emails
2025-01-09T15:57:59.159Z [INFO]: GET /emails
2025-01-09T15:58:00.035Z [INFO]: GET /emails
2025-01-09T15:58:00.904Z [INFO]: GET /emails
2025-01-09T15:58:01.747Z [INFO]: GET /emails
2025-01-09T15:58:02.611Z [INFO]: GET /emails
2025-01-09T15:58:03.435Z [INFO]: GET /emails
2025-01-09T15:58:04.309Z [INFO]: GET /emails
2025-01-09T15:58:05.162Z [INFO]: GET /emails
2025-01-09T15:58:05.992Z [INFO]: GET /emails
2025-01-09T15:58:06.828Z [INFO]: GET /emails
2025-01-09T15:58:07.667Z [INFO]: GET /emails
2025-01-09T15:58:08.505Z [INFO]: GET /emails
2025-01-09T15:58:09.371Z [INFO]: GET /emails
2025-01-09T15:58:10.261Z [INFO]: GET /emails
2025-01-09T15:58:11.771Z [INFO]: GET /emails
2025-01-09T15:58:27.923Z [INFO]: GET /emails
2025-01-09T15:58:28.784Z [INFO]: GET /emails
2025-01-09T15:58:29.628Z [INFO]: GET /emails
2025-01-09T15:58:30.484Z [INFO]: GET /emails
2025-01-09T15:58:31.332Z [INFO]: GET /emails
2025-01-09T15:58:32.186Z [INFO]: GET /emails
2025-01-09T15:58:42.256Z [INFO]: GET /emails
2025-01-09T15:58:43.748Z [INFO]: GET /emails
2025-01-09T15:58:45.303Z [INFO]: GET /emails
2025-01-09T15:58:46.816Z [INFO]: GET /emails
2025-01-09T15:58:48.330Z [INFO]: GET /emails
2025-01-09T15:58:49.835Z [INFO]: GET /emails
2025-01-09T15:58:51.325Z [INFO]: GET /emails
2025-01-09T15:58:52.842Z [INFO]: GET /emails
2025-01-09T15:58:54.340Z [INFO]: GET /emails
2025-01-09T15:58:55.840Z [INFO]: GET /emails
2025-01-09T15:58:57.338Z [INFO]: GET /emails
2025-01-09T15:58:58.819Z [INFO]: GET /emails
2025-01-09T15:59:00.319Z [INFO]: GET /emails
2025-01-09T15:59:01.822Z [INFO]: GET /emails
2025-01-09T15:59:03.299Z [INFO]: GET /emails
2025-01-09T15:59:04.799Z [INFO]: GET /emails
2025-01-09T15:59:05.082Z [INFO]: GET /emails
2025-01-09T15:59:05.978Z [INFO]: GET /emails
2025-01-09T15:59:06.861Z [INFO]: GET /emails
2025-01-09T15:59:07.705Z [INFO]: GET /emails
2025-01-09T15:59:08.539Z [INFO]: GET /emails
2025-01-09T15:59:09.413Z [INFO]: GET /emails
2025-01-09T15:59:10.262Z [INFO]: GET /emails
2025-01-09T15:59:11.129Z [INFO]: GET /emails
2025-01-09T15:59:11.973Z [INFO]: GET /emails
2025-01-09T15:59:12.847Z [INFO]: GET /emails
2025-01-09T15:59:13.670Z [INFO]: GET /emails
2025-01-09T15:59:14.557Z [INFO]: GET /emails
2025-01-09T15:59:15.436Z [INFO]: GET /emails
2025-01-09T15:59:16.304Z [INFO]: GET /emails
2025-01-09T15:59:17.140Z [INFO]: GET /emails
2025-01-09T15:59:29.353Z [INFO]: GET /emails
2025-01-09T15:59:30.337Z [INFO]: GET /emails
2025-01-09T15:59:32.351Z [INFO]: GET /emails
2025-01-09T15:59:33.335Z [INFO]: GET /emails
2025-01-09T15:59:35.330Z [INFO]: GET /emails
2025-01-09T15:59:36.320Z [INFO]: GET /emails
2025-01-09T15:59:38.312Z [INFO]: GET /emails
2025-01-09T15:59:39.321Z [INFO]: GET /emails
2025-01-09T15:59:41.297Z [INFO]: GET /emails
2025-01-09T15:59:42.295Z [INFO]: GET /emails
2025-01-09T15:59:44.285Z [INFO]: GET /emails
2025-01-09T15:59:45.327Z [INFO]: GET /emails
2025-01-09T15:59:47.350Z [INFO]: GET /emails
2025-01-09T15:59:48.358Z [INFO]: GET /emails
2025-01-09T15:59:50.355Z [INFO]: GET /emails
2025-01-09T15:59:51.376Z [INFO]: GET /emails
2025-01-09T15:59:53.375Z [INFO]: GET /emails
2025-01-09T15:59:54.367Z [INFO]: GET /emails
2025-01-09T15:59:56.361Z [INFO]: GET /emails
2025-01-09T15:59:57.368Z [INFO]: GET /emails
2025-01-09T15:59:59.360Z [INFO]: GET /emails
2025-01-09T16:00:00.345Z [INFO]: GET /emails
2025-01-09T16:00:02.345Z [INFO]: GET /emails
2025-01-09T16:00:03.334Z [INFO]: GET /emails
2025-01-09T16:00:05.326Z [INFO]: GET /emails
2025-01-09T16:00:06.339Z [INFO]: GET /emails
2025-01-09T16:00:08.324Z [INFO]: GET /emails
2025-01-09T16:00:09.324Z [INFO]: GET /emails
2025-01-09T16:00:11.292Z [INFO]: GET /emails
2025-01-09T16:00:12.292Z [INFO]: GET /emails
2025-01-09T16:00:14.282Z [INFO]: GET /emails
2025-01-09T16:00:15.337Z [INFO]: GET /emails
2025-01-09T16:00:17.350Z [INFO]: GET /emails
2025-01-09T16:00:18.360Z [INFO]: GET /emails
2025-01-09T16:00:20.346Z [INFO]: GET /emails
2025-01-09T16:00:21.363Z [INFO]: GET /emails
2025-01-09T16:00:34.332Z [INFO]: GET /emails
2025-01-09T16:01:34.352Z [INFO]: GET /emails
2025-01-09T16:02:34.334Z [INFO]: GET /emails
2025-01-09T16:03:14.484Z [INFO]: GET /emails
2025-01-09T16:03:23.271Z [INFO]: GET /uploads/1736350003199-tdd-cycle-1.png
2025-01-09T16:03:23.273Z [INFO]: GET /uploads/1736349957319-DSC_0405_close.JPG
2025-01-09T16:03:23.278Z [INFO]: GET /uploads/1736351794422-DSC_0407.JPG
2025-01-09T16:03:23.278Z [INFO]: GET /uploads/1736396507564-289132071_2055452734661563_6111035712662234573_n.jpg
2025-01-09T16:03:23.279Z [INFO]: GET /uploads/1736396616893-1714407215635.jpg
2025-01-09T16:03:26.464Z [INFO]: paul.camano@gmail.com has disconnected.
2025-01-09T16:03:26.479Z [INFO]: GET /emails
2025-01-09T16:03:27.969Z [INFO]: GET /emails
2025-01-09T16:03:29.470Z [INFO]: GET /emails
2025-01-09T16:03:30.967Z [INFO]: GET /emails
2025-01-09T16:03:32.458Z [INFO]: GET /emails
2025-01-09T16:03:33.952Z [INFO]: GET /emails
2025-01-09T16:03:35.448Z [INFO]: GET /emails
2025-01-09T16:03:36.935Z [INFO]: GET /emails
2025-01-09T16:03:38.433Z [INFO]: GET /emails
2025-01-09T16:03:39.921Z [INFO]: GET /emails
2025-01-09T16:03:41.417Z [INFO]: GET /emails
2025-01-09T16:03:42.904Z [INFO]: GET /emails
2025-01-09T16:03:44.399Z [INFO]: GET /emails
2025-01-09T16:03:45.931Z [INFO]: GET /emails
2025-01-09T16:03:47.448Z [INFO]: GET /emails
2025-01-09T16:03:48.957Z [INFO]: GET /emails
2025-01-09T16:03:50.394Z [INFO]: GET /emails/1944ba3facc58bef
2025-01-09T16:03:52.919Z [INFO]: GET /emails
2025-01-09T16:03:54.414Z [INFO]: GET /emails
2025-01-09T16:03:55.831Z [INFO]: GET /emails/19449652aaa68d6d
2025-01-09T16:04:00.229Z [INFO]: GET /emails
2025-01-09T16:04:01.718Z [INFO]: GET /emails
2025-01-09T16:04:03.213Z [INFO]: GET /emails
2025-01-09T16:04:04.712Z [INFO]: GET /emails
2025-01-09T16:04:06.199Z [INFO]: GET /emails
2025-01-09T16:04:07.695Z [INFO]: GET /emails
2025-01-09T16:04:09.187Z [INFO]: GET /emails
2025-01-09T16:04:10.686Z [INFO]: GET /emails
2025-01-09T16:04:12.172Z [INFO]: GET /emails
2025-01-09T16:04:13.669Z [INFO]: GET /emails
2025-01-09T16:04:15.204Z [INFO]: GET /emails
2025-01-09T16:04:16.946Z [INFO]: GET /emails
2025-01-09T16:04:18.220Z [INFO]: GET /emails
2025-01-09T16:04:19.994Z [INFO]: GET /emails
2025-01-09T16:04:21.235Z [INFO]: GET /emails
2025-01-09T16:04:22.736Z [INFO]: GET /emails
2025-01-09T16:04:24.238Z [INFO]: GET /emails
2025-01-09T16:04:25.912Z [INFO]: GET /emails
2025-01-09T16:04:27.106Z [INFO]: GET /uploads/1736349957319-DSC_0405_close.JPG
2025-01-09T16:04:27.107Z [INFO]: GET /uploads/1736350003199-tdd-cycle-1.png
2025-01-09T16:04:27.110Z [INFO]: GET /uploads/1736351794422-DSC_0407.JPG
2025-01-09T16:04:27.110Z [INFO]: GET /uploads/1736396507564-289132071_2055452734661563_6111035712662234573_n.jpg
2025-01-09T16:04:27.111Z [INFO]: GET /uploads/1736396616893-1714407215635.jpg
2025-01-09T16:04:28.736Z [INFO]: paul.camano@gmail.com has disconnected.
2025-01-09T16:05:52.673Z [INFO]: GET /emails
2025-01-09T16:05:54.159Z [INFO]: GET /emails
2025-01-09T16:05:55.665Z [INFO]: GET /emails
2025-01-09T16:05:57.165Z [INFO]: GET /emails
2025-01-09T16:05:58.661Z [INFO]: GET /emails
2025-01-09T16:06:00.161Z [INFO]: GET /emails
2025-01-09T16:06:01.854Z [INFO]: GET /emails
2025-01-09T16:06:03.177Z [INFO]: GET /emails
2025-01-09T16:06:04.635Z [INFO]: GET /emails
2025-01-09T16:06:06.436Z [INFO]: GET /emails
2025-01-09T16:06:08.331Z [INFO]: GET /emails
2025-01-09T16:06:09.721Z [INFO]: GET /emails
2025-01-09T16:06:11.311Z [INFO]: GET /emails
2025-01-09T16:06:12.675Z [INFO]: GET /emails
2025-01-09T16:06:13.946Z [INFO]: GET /emails
2025-01-09T16:06:15.273Z [INFO]: GET /emails
2025-01-09T16:06:16.621Z [INFO]: GET /emails
2025-01-09T16:06:17.427Z [INFO]: GET /uploads/1736349957319-DSC_0405_close.JPG
2025-01-09T16:06:17.431Z [INFO]: GET /uploads/1736350003199-tdd-cycle-1.png
2025-01-09T16:06:17.432Z [INFO]: GET /uploads/1736351794422-DSC_0407.JPG
2025-01-09T16:06:17.432Z [INFO]: GET /uploads/1736396507564-289132071_2055452734661563_6111035712662234573_n.jpg
2025-01-09T16:06:17.434Z [INFO]: GET /uploads/1736396616893-1714407215635.jpg
2025-01-09T16:06:27.847Z [INFO]: paul.camano@gmail.com has disconnected.
2025-01-09T16:08:31.743Z [INFO]: GET /emails
2025-01-09T16:08:36.242Z [INFO]: GET /emails/1944b5269df29b33
2025-01-09T16:08:40.554Z [INFO]: GET /emails
2025-01-09T16:08:52.728Z [INFO]: GET /emails
2025-01-09T16:09:10.946Z [INFO]: POST /login
2025-01-09T16:16:22.819Z [INFO]: GET /emails
2025-01-09T16:16:29.382Z [INFO]: GET /emails/1944b62ae33dec0d
2025-01-09T16:16:31.010Z [INFO]: GET /emails
2025-01-09T16:16:33.628Z [INFO]: GET /emails/1944b4fd582323a2
2025-01-09T16:16:46.886Z [INFO]: GET /emails
2025-01-09T16:16:52.480Z [INFO]: GET /emails/1944b62ae33dec0d
2025-01-09T16:16:54.380Z [INFO]: GET /emails
2025-01-09T16:17:09.344Z [INFO]: GET /emails
2025-01-09T16:17:10.866Z [INFO]: GET /emails/1944b91abcba141b
2025-01-09T16:17:13.571Z [INFO]: GET /emails
2025-01-09T16:32:55.925Z [INFO]: GET /uploads/1736349957319-DSC_0405_close.JPG
2025-01-09T16:32:55.927Z [INFO]: GET /uploads/1736350003199-tdd-cycle-1.png
2025-01-09T16:32:55.931Z [INFO]: GET /uploads/1736351794422-DSC_0407.JPG
2025-01-09T16:32:55.931Z [INFO]: GET /uploads/1736396507564-289132071_2055452734661563_6111035712662234573_n.jpg
2025-01-09T16:32:55.932Z [INFO]: GET /uploads/1736396616893-1714407215635.jpg
2025-01-09T16:33:04.515Z [INFO]: paul.camano@gmail.com has disconnected.
2025-01-09T16:33:04.531Z [INFO]: GET /api/emails
2025-01-09T16:33:09.106Z [INFO]: GET /api/attachments/1944b91abcba141b/ANGjdJ-DGaQUAl79zlwfrfYkph8bk8rvfuJEOYX3LgrXTFPN8hWa-7q8MJvNl9yejFOykodlTZkJ1DSZPnmTnNimrSOiQTJsFLloLooz8R4AKJN-rrLQP4UluTY-JgZVX2dRu9V5_9S_UDei6ri4RF23XudVILNx64Kx0RsBqzyGEj_mpHxolLa3EZj-VNJQdh5HH9v_MO_QaNmViH4ViKlSaY_N3sXNLx2XC6XGSvFHkSxQxFmgR2UrLAMFAlbDJH_fjaFGa6Uud3g4c22g6a9BnYULL3azBXEP2YR26kcDxzXBWnPOtQEmBeNTbob5S5nXTx8EXwtp8iITz-d2t9683FXFbjMUw1hMtjiKZFb5-jRM4eTsUaTfQCey43o2docGvTpfKVYF1JXxkGpy
2025-01-09T16:33:13.168Z [INFO]: GET /api/attachments/1944b91abcba141b/ANGjdJ-DGaQUAl79zlwfrfYkph8bk8rvfuJEOYX3LgrXTFPN8hWa-7q8MJvNl9yejFOykodlTZkJ1DSZPnmTnNimrSOiQTJsFLloLooz8R4AKJN-rrLQP4UluTY-JgZVX2dRu9V5_9S_UDei6ri4RF23XudVILNx64Kx0RsBqzyGEj_mpHxolLa3EZj-VNJQdh5HH9v_MO_QaNmViH4ViKlSaY_N3sXNLx2XC6XGSvFHkSxQxFmgR2UrLAMFAlbDJH_fjaFGa6Uud3g4c22g6a9BnYULL3azBXEP2YR26kcDxzXBWnPOtQEmBeNTbob5S5nXTx8EXwtp8iITz-d2t9683FXFbjMUw1hMtjiKZFb5-jRM4eTsUaTfQCey43o2docGvTpfKVYF1JXxkGpy
2025-01-09T16:33:19.503Z [INFO]: GET /api/emails
2025-01-09T16:33:25.625Z [INFO]: GET /api/emails/1944b91abcba141b
2025-01-09T16:33:34.398Z [INFO]: GET /api/emails
2025-01-09T16:33:50.334Z [INFO]: GET /api/emails
2025-01-09T16:34:05.335Z [INFO]: GET /api/emails
2025-01-09T16:34:20.336Z [INFO]: GET /api/emails
2025-01-09T16:34:32.927Z [INFO]: GET /api/emails/1944b91abcba141b
2025-01-09T16:34:41.409Z [INFO]: GET /api/emails
2025-01-09T16:34:44.923Z [INFO]: GET /api/emails/1944b71ad55587ee
2025-01-09T16:34:50.794Z [INFO]: GET /api/emails
2025-01-09T16:34:53.417Z [INFO]: GET /api/emails/1944b71ad55587ee
2025-01-09T16:34:55.463Z [INFO]: GET /api/emails
2025-01-09T16:34:59.061Z [INFO]: GET /api/emails/1944b5f22db74f2d
2025-01-09T16:35:05.874Z [INFO]: GET /api/emails
2025-01-09T16:35:12.017Z [INFO]: GET /api/emails/1944b91abcba141b
2025-01-09T16:36:55.580Z [INFO]: GET /api/emails
2025-01-09T16:36:59.002Z [INFO]: GET /api/emails/19449652aaa68d6d
2025-01-09T16:37:02.791Z [INFO]: GET /api/emails
2025-01-09T16:37:11.483Z [INFO]: GET /api/emails/194495e295c4e618
2025-01-09T16:37:17.670Z [INFO]: GET /api/emails
2025-01-09T16:37:20.888Z [INFO]: GET /api/emails/1944b4fd582323a2
2025-01-09T16:37:25.135Z [INFO]: GET /api/emails
2025-01-09T16:37:28.952Z [INFO]: GET /api/emails/19449652aaa68d6d
2025-01-09T16:37:30.899Z [INFO]: GET /api/emails
2025-01-09T16:37:32.958Z [INFO]: GET /api/emails/1944ba3facc58bef
2025-01-09T16:37:34.867Z [INFO]: GET /api/emails
2025-01-09T16:37:37.882Z [INFO]: GET /api/emails/1944b91abcba141b
2025-01-09T16:37:43.079Z [INFO]: GET /api/emails
2025-01-09T16:37:58.366Z [INFO]: GET /api/emails
2025-01-09T16:38:13.296Z [INFO]: GET /api/emails
2025-01-09T16:38:28.147Z [INFO]: GET /api/emails
2025-01-09T16:38:43.079Z [INFO]: GET /api/emails
2025-01-09T16:38:58.139Z [INFO]: GET /api/emails
2025-01-09T16:39:13.072Z [INFO]: GET /api/emails
2025-01-09T16:39:30.370Z [INFO]: paul.camano@gmail.com has disconnected.
2025-01-09T16:41:59.180Z [INFO]: POST /api/upload
2025-01-09T16:41:59.211Z [INFO]: GET /api/uploads/1736440919185-xlr.jpg
2025-01-09T16:42:18.446Z [INFO]: POST /api/login
2025-01-09T16:42:20.701Z [INFO]: GET /api/uploads/1736440919185-xlr.jpg
2025-01-09T16:42:31.213Z [INFO]: POST /api/upload
2025-01-09T16:42:31.231Z [INFO]: GET /api/uploads/1736440951214-tdd-cycle-1.png
2025-01-09T16:42:31.233Z [INFO]: GET /api/uploads/1736440951214-tdd-cycle-1.png
2025-01-09T16:42:41.768Z [INFO]: GET /api/uploads/1736440919185-xlr.jpg
2025-01-09T16:44:05.271Z [INFO]: POST /api/upload
2025-01-09T16:44:05.286Z [INFO]: GET /api/uploads/1736441045272-e-sign%20camano.png
2025-01-09T16:44:05.294Z [INFO]: GET /api/uploads/1736441045272-e-sign%20camano.png
2025-01-09T16:44:26.899Z [INFO]: POST /api/upload
2025-01-09T16:44:26.918Z [INFO]: GET /api/uploads/1736441066901-WIN_20240818_17_42_23_Pro.jpg
2025-01-09T16:44:26.920Z [INFO]: GET /api/uploads/1736441066901-WIN_20240818_17_42_23_Pro.jpg
2025-01-09T16:44:38.188Z [INFO]: paul.camano@gmail.com has disconnected.
2025-01-09T16:44:38.204Z [INFO]: GET /api/emails
2025-01-09T16:44:42.866Z [INFO]: mae0593@gmail.com has disconnected.
2025-01-09T16:44:42.879Z [INFO]: GET /api/emails
2025-01-09T16:44:53.214Z [INFO]: GET /api/emails
2025-01-09T16:44:59.658Z [INFO]: GET /api/emails/1944ba3facc58bef
2025-01-09T16:46:55.795Z [INFO]: paul.camano@gmail.com has disconnected.
2025-01-09T16:46:55.810Z [INFO]: GET /api/emails
2025-01-09T17:15:20.783Z [INFO]: POST /api/send-sms
2025-01-09T17:16:44.876Z [INFO]: GET /api/emails
2025-01-09T17:19:23.223Z [INFO]: GET /api/emails
2025-01-09T17:19:27.270Z [INFO]: GET /api/emails/1944c0092ef0dd4c
2025-01-09T17:19:32.416Z [INFO]: GET /api/emails
2025-01-09T17:19:36.936Z [INFO]: GET /api/emails/1944c0092ef0dd4c
2025-01-09T17:19:44.223Z [INFO]: GET /api/emails
2025-01-09T17:51:27.979Z [INFO]: GET /api/uploads/1736440919185-xlr.jpg
2025-01-09T17:51:27.996Z [INFO]: GET /api/uploads/1736440951214-tdd-cycle-1.png
2025-01-09T17:51:27.998Z [INFO]: GET /api/uploads/1736441045272-e-sign%20camano.png
2025-01-09T17:51:28.000Z [INFO]: GET /api/uploads/1736441066901-WIN_20240818_17_42_23_Pro.jpg
2025-01-09T17:51:33.132Z [INFO]: paul.camano@gmail.com has disconnected.
2025-01-09T17:51:33.162Z [INFO]: GET /api/emails
2025-01-09T17:51:37.737Z [INFO]: GET /api/emails/1944c2a4d6a7ae67
2025-01-09T17:51:41.488Z [INFO]: GET /api/emails
2025-01-09T17:51:48.199Z [INFO]: GET /api/emails
2025-01-09T18:04:22.905Z [INFO]: GET /api/messages
2025-01-09T18:04:31.532Z [INFO]: GET /api/messages
2025-01-09T18:05:01.854Z [INFO]: GET /api/messages
2025-01-09T18:22:02.888Z [INFO]: GET /api/messages
2025-01-09T18:23:18.738Z [INFO]: GET /api/messages
2025-01-09T18:23:23.739Z [INFO]: GET /api/messages/SM725f2c6cb6a2af6832b985a32cbc9f3e
2025-01-09T18:23:37.375Z [INFO]: GET /api/messages
2025-01-09T18:24:05.072Z [INFO]: GET /api/messages
2025-01-09T18:24:08.275Z [INFO]: GET /api/messages/SM725f2c6cb6a2af6832b985a32cbc9f3e
2025-01-09T18:26:01.154Z [INFO]: GET /api/messages
2025-01-09T18:26:03.570Z [INFO]: GET /api/messages/SM725f2c6cb6a2af6832b985a32cbc9f3e
2025-01-09T18:26:06.649Z [INFO]: GET /api/messages
2025-01-09T18:26:10.417Z [INFO]: GET /api/messages
2025-01-09T18:26:16.286Z [INFO]: GET /api/messages/SM725f2c6cb6a2af6832b985a32cbc9f3e
2025-01-09T18:26:20.071Z [INFO]: GET /api/messages
2025-01-09T18:26:26.418Z [INFO]: GET /api/messages
2025-01-09T18:26:28.586Z [INFO]: GET /api/uploads/1736440919185-xlr.jpg
2025-01-09T18:26:28.597Z [INFO]: GET /api/uploads/1736440951214-tdd-cycle-1.png
2025-01-09T18:26:28.598Z [INFO]: GET /api/uploads/1736441045272-e-sign%20camano.png
2025-01-09T18:26:28.610Z [INFO]: GET /api/uploads/1736441066901-WIN_20240818_17_42_23_Pro.jpg
2025-01-09T18:26:43.841Z [INFO]: paul.camano@gmail.com has disconnected.
2025-01-09T18:26:43.924Z [INFO]: GET /api/emails
2025-01-09T18:26:49.933Z [INFO]: GET /api/emails/1944c40d4e9313ca
2025-01-09T18:26:58.550Z [INFO]: GET /api/emails
2025-01-09T18:27:01.882Z [INFO]: GET /api/emails/1944c1e45c0294fb
2025-01-09T18:27:04.347Z [INFO]: GET /api/emails
2025-01-09T18:27:09.625Z [INFO]: GET /api/emails/1944b91abcba141b
2025-01-09T18:27:12.544Z [INFO]: GET /api/emails
2025-01-09T18:27:16.006Z [INFO]: GET /api/emails/1944b71ad55587ee
2025-01-09T18:27:22.069Z [INFO]: GET /api/uploads/1736440919185-xlr.jpg
2025-01-09T18:27:22.073Z [INFO]: GET /api/uploads/1736440951214-tdd-cycle-1.png
2025-01-09T18:27:22.099Z [INFO]: GET /api/uploads/1736441066901-WIN_20240818_17_42_23_Pro.jpg
2025-01-09T18:27:22.102Z [INFO]: GET /api/uploads/1736441045272-e-sign%20camano.png
2025-01-09T18:27:32.767Z [INFO]: paul.camano@gmail.com has disconnected.
2025-01-09T18:27:32.800Z [INFO]: GET /api/emails
2025-01-09T18:27:37.972Z [INFO]: GET /api/messages
2025-01-09T18:31:33.029Z [INFO]: GET /api/messages
2025-01-09T18:31:35.546Z [INFO]: GET /api/messages/SM725f2c6cb6a2af6832b985a32cbc9f3e
2025-01-09T18:31:39.634Z [INFO]: GET /api/messages
2025-01-09T18:31:42.919Z [INFO]: GET /api/uploads/1736440919185-xlr.jpg
2025-01-09T18:31:42.922Z [INFO]: GET /api/uploads/1736440951214-tdd-cycle-1.png
2025-01-09T18:31:42.925Z [INFO]: GET /api/uploads/1736441045272-e-sign%20camano.png
2025-01-09T18:31:42.933Z [INFO]: GET /api/uploads/1736441066901-WIN_20240818_17_42_23_Pro.jpg
2025-01-09T18:31:45.915Z [INFO]: paul.camano@gmail.com has disconnected.
2025-01-09T18:31:47.449Z [INFO]: GET /api/emails
2025-01-09T18:31:50.583Z [INFO]: GET /api/emails/1944c5536eca62ef
2025-01-09T18:31:52.664Z [INFO]: GET /api/emails
2025-01-09T18:32:08.339Z [INFO]: GET /api/emails
2025-01-09T18:32:23.380Z [INFO]: GET /api/emails
2025-01-09T18:32:38.345Z [INFO]: GET /api/emails
2025-01-09T18:32:53.493Z [INFO]: GET /api/emails
2025-01-09T18:33:34.309Z [INFO]: GET /api/emails
2025-01-09T18:34:34.331Z [INFO]: GET /api/emails
2025-01-09T18:35:34.316Z [INFO]: GET /api/emails
2025-01-09T18:36:34.334Z [INFO]: GET /api/emails
2025-01-09T18:36:55.542Z [INFO]: GET /api/emails
2025-01-09T18:37:08.234Z [INFO]: GET /api/emails
2025-01-09T18:37:23.383Z [INFO]: GET /api/emails
2025-01-09T18:37:38.272Z [INFO]: GET /api/emails
2025-01-09T18:37:53.407Z [INFO]: GET /api/emails
2025-01-09T18:38:34.341Z [INFO]: GET /api/emails
2025-01-09T18:39:34.347Z [INFO]: GET /api/emails
2025-01-09T18:40:34.398Z [INFO]: GET /api/emails
2025-01-09T18:41:34.388Z [INFO]: GET /api/emails
2025-01-09T18:42:34.321Z [INFO]: GET /api/emails
2025-01-09T18:43:34.344Z [INFO]: GET /api/emails
2025-01-09T18:44:34.470Z [INFO]: GET /api/emails
2025-01-09T18:45:34.380Z [INFO]: GET /api/emails
2025-01-09T18:46:34.338Z [INFO]: GET /api/emails
2025-01-09T18:47:34.397Z [INFO]: GET /api/emails
2025-01-09T18:48:34.312Z [INFO]: GET /api/emails
2025-01-09T18:49:34.317Z [INFO]: GET /api/emails
2025-01-09T18:50:34.322Z [INFO]: GET /api/emails
2025-01-09T18:51:34.324Z [INFO]: GET /api/emails
2025-01-09T18:52:34.313Z [INFO]: GET /api/emails
2025-01-09T18:53:34.408Z [INFO]: GET /api/emails
2025-01-09T18:54:34.323Z [INFO]: GET /api/emails
2025-01-09T18:55:34.317Z [INFO]: GET /api/emails
2025-01-09T18:56:34.328Z [INFO]: GET /api/emails
2025-01-09T18:57:34.317Z [INFO]: GET /api/emails
2025-01-09T18:58:34.329Z [INFO]: GET /api/emails
2025-01-09T18:59:34.310Z [INFO]: GET /api/emails
2025-01-09T19:00:34.336Z [INFO]: GET /api/emails
2025-01-09T19:01:34.326Z [INFO]: GET /api/emails
2025-01-09T19:02:34.323Z [INFO]: GET /api/emails
2025-01-09T19:03:34.334Z [INFO]: GET /api/emails
2025-01-09T19:04:34.328Z [INFO]: GET /api/emails
2025-01-09T19:05:34.335Z [INFO]: GET /api/emails
2025-01-09T19:06:34.337Z [INFO]: GET /api/emails
2025-01-09T19:07:34.336Z [INFO]: GET /api/emails
2025-01-09T19:08:34.333Z [INFO]: GET /api/emails
2025-01-09T19:09:34.342Z [INFO]: GET /api/emails
2025-01-09T19:10:34.351Z [INFO]: GET /api/emails
2025-01-09T19:11:34.349Z [INFO]: GET /api/emails
2025-01-09T19:11:53.582Z [INFO]: GET /api/emails
2025-01-09T19:11:55.718Z [INFO]: GET /api/messages
2025-01-09T19:12:12.298Z [INFO]: POST /api/send-sms
2025-01-09T19:17:29.632Z [INFO]: POST /api/send-sms
2025-01-09T19:17:47.040Z [INFO]: POST /api/send-sms
2025-01-09T19:18:10.514Z [INFO]: POST /api/send-sms
2025-01-09T19:20:34.223Z [INFO]: GET /api/messages
2025-01-09T19:20:42.864Z [INFO]: GET /api/messages/SM8c73cdd9f80f5ffc42ef231e0c55c038
2025-01-09T19:20:47.638Z [INFO]: GET /api/messages
2025-01-09T19:20:50.761Z [INFO]: GET /api/messages/SMa9e2fb24c17966216b780dcdafda5cc1
2025-01-09T19:20:52.653Z [INFO]: GET /api/messages
2025-01-09T19:21:03.830Z [INFO]: GET /api/messages/SM725f2c6cb6a2af6832b985a32cbc9f3e
2025-01-09T19:21:05.551Z [INFO]: GET /api/messages
2025-01-09T19:21:07.709Z [INFO]: GET /api/messages/SMa9e2fb24c17966216b780dcdafda5cc1
2025-01-09T19:21:09.861Z [INFO]: GET /api/messages
2025-01-09T19:22:35.190Z [INFO]: GET /api/messages
2025-01-09T19:22:45.188Z [INFO]: GET /api/messages
2025-01-09T19:23:12.217Z [INFO]: GET /api/messages
2025-01-09T19:23:35.753Z [INFO]: POST /api/send-sms
2025-01-09T19:24:10.244Z [INFO]: GET /api/messages
2025-01-09T19:24:40.387Z [INFO]: GET /api/messages
2025-01-09T19:25:50.852Z [INFO]: GET /api/messages
2025-01-09T19:30:44.901Z [INFO]: GET /api/messages
2025-01-09T19:30:50.375Z [INFO]: GET /api/messages
2025-01-09T19:30:55.584Z [INFO]: GET /api/uploads/1736440919185-xlr.jpg
2025-01-09T19:30:55.586Z [INFO]: GET /api/uploads/1736441045272-e-sign%20camano.png
2025-01-09T19:30:55.587Z [INFO]: GET /api/uploads/1736440951214-tdd-cycle-1.png
2025-01-09T19:30:55.590Z [INFO]: GET /api/uploads/1736441066901-WIN_20240818_17_42_23_Pro.jpg
2025-01-09T19:31:03.242Z [INFO]: paul.camano@gmail.com has disconnected.
2025-01-09T19:31:04.997Z [INFO]: GET /api/emails
2025-01-09T19:31:16.324Z [INFO]: paul.camano@gmail.com has disconnected.
2025-01-10T12:17:46.604Z [INFO]: GET /api/uploads/1736440919185-xlr.jpg
2025-01-10T12:17:46.611Z [INFO]: GET /api/uploads/1736441045272-e-sign%20camano.png
2025-01-10T12:17:46.620Z [INFO]: GET /api/uploads/1736441066901-WIN_20240818_17_42_23_Pro.jpg
2025-01-10T12:17:46.621Z [INFO]: GET /api/uploads/1736440951214-tdd-cycle-1.png
2025-01-10T12:17:58.238Z [INFO]: paul.camano@gmail.com has disconnected.
2025-01-10T12:17:58.830Z [INFO]: GET /api/uploads/1736440951214-tdd-cycle-1.png
2025-01-10T12:17:58.832Z [INFO]: GET /api/uploads/1736440919185-xlr.jpg
2025-01-10T12:17:58.832Z [INFO]: GET /api/uploads/1736441045272-e-sign%20camano.png
2025-01-10T12:17:58.833Z [INFO]: GET /api/uploads/1736441066901-WIN_20240818_17_42_23_Pro.jpg
2025-01-10T12:18:01.429Z [INFO]: paul.camano@gmail.com has disconnected.
2025-01-10T12:18:01.465Z [INFO]: GET /api/emails
2025-01-10T12:18:10.812Z [INFO]: GET /api/messages
2025-01-10T12:18:22.717Z [INFO]: paul.camano@gmail.com has disconnected.
2025-01-10T12:19:00.085Z [INFO]: POST /api/login
2025-01-10T12:19:04.213Z [INFO]: GET /api/uploads/1736440919185-xlr.jpg
2025-01-10T12:19:04.266Z [INFO]: GET /api/uploads/1736440951214-tdd-cycle-1.png
2025-01-10T12:19:04.271Z [INFO]: GET /api/uploads/1736441045272-e-sign%20camano.png
2025-01-10T12:19:04.276Z [INFO]: GET /api/uploads/1736441066901-WIN_20240818_17_42_23_Pro.jpg
2025-01-10T12:19:10.364Z [INFO]: mae0593@gmail.com has disconnected.
2025-01-10T12:19:10.499Z [INFO]: GET /api/emails
2025-01-10T12:19:15.928Z [INFO]: GET /api/messages
2025-01-10T12:19:18.348Z [INFO]: GET /api/messages/SMc92888ad56cdacb71aafc88a7205199e
2025-01-10T12:19:20.270Z [INFO]: GET /api/messages
2025-01-10T12:19:23.968Z [INFO]: GET /api/emails
2025-01-10T12:19:26.982Z [INFO]: GET /api/uploads/1736440919185-xlr.jpg
2025-01-10T12:19:26.999Z [INFO]: GET /api/uploads/1736440951214-tdd-cycle-1.png
2025-01-10T12:19:27.021Z [INFO]: GET /api/uploads/1736441045272-e-sign%20camano.png
2025-01-10T12:19:27.024Z [INFO]: GET /api/uploads/1736441066901-WIN_20240818_17_42_23_Pro.jpg
2025-01-10T12:19:27.987Z [INFO]: mae0593@gmail.com has disconnected.
2025-01-10T12:36:22.380Z [INFO]: GET /api/uploads/1736440919185-xlr.jpg
2025-01-10T12:36:22.398Z [INFO]: GET /api/uploads/1736440951214-tdd-cycle-1.png
2025-01-10T12:36:22.400Z [INFO]: GET /api/uploads/1736441045272-e-sign%20camano.png
2025-01-10T12:36:22.413Z [INFO]: GET /api/uploads/1736441066901-WIN_20240818_17_42_23_Pro.jpg
2025-01-10T12:36:24.266Z [INFO]: paul.camano@gmail.com has disconnected.
2025-01-10T12:37:34.389Z [INFO]: POST /api/login
2025-01-10T12:37:39.980Z [INFO]: GET /api/uploads/1736440919185-xlr.jpg
2025-01-10T12:37:39.992Z [INFO]: GET /api/uploads/1736441045272-e-sign%20camano.png
2025-01-10T12:37:39.998Z [INFO]: GET /api/uploads/1736441066901-WIN_20240818_17_42_23_Pro.jpg
2025-01-10T12:37:39.999Z [INFO]: GET /api/uploads/1736440951214-tdd-cycle-1.png
2025-01-10T12:37:42.366Z [INFO]: paul.camano@gmail.com has disconnected.
2025-01-10T12:37:42.426Z [INFO]: GET /api/emails
2025-01-10T12:37:47.663Z [INFO]: GET /api/messages
2025-01-10T12:37:50.346Z [INFO]: GET /api/voice-token
2025-01-10T12:38:19.617Z [INFO]: GET /api/voice-token
2025-01-10T12:50:26.948Z [INFO]: POST /api/login
2025-01-10T12:50:42.515Z [INFO]: GET /api/voice-token
2025-01-10T13:42:03.083Z [INFO]: POST /api/login
2025-01-10T13:42:12.741Z [INFO]: GET /api/uploads/1736441045272-e-sign%20camano.png
2025-01-10T13:42:12.749Z [INFO]: GET /api/uploads/1736441066901-WIN_20240818_17_42_23_Pro.jpg
2025-01-10T13:42:12.750Z [INFO]: GET /api/uploads/1736440919185-xlr.jpg
2025-01-10T13:42:12.779Z [INFO]: GET /api/uploads/1736440951214-tdd-cycle-1.png
2025-01-10T13:42:15.432Z [INFO]: paul.camano@gmail.com has disconnected.
2025-01-10T13:42:15.443Z [INFO]: GET /api/emails
2025-01-10T13:42:23.986Z [INFO]: GET /api/emails/194505280c5358f8
2025-01-10T13:42:26.012Z [INFO]: GET /api/emails
2025-01-10T13:42:27.731Z [INFO]: GET /api/messages
2025-01-10T13:42:29.936Z [INFO]: GET /api/voice-token
2025-01-10T13:42:42.035Z [INFO]: GET /api/voice-token
2025-01-10T13:50:19.364Z [INFO]: GET /api/uploads/1736440919185-xlr.jpg
2025-01-10T13:50:19.369Z [INFO]: GET /api/uploads/1736441045272-e-sign%20camano.png
2025-01-10T13:50:19.369Z [INFO]: GET /api/uploads/1736441066901-WIN_20240818_17_42_23_Pro.jpg
2025-01-10T13:50:19.370Z [INFO]: GET /api/uploads/1736440951214-tdd-cycle-1.png
2025-01-10T13:50:27.245Z [INFO]: paul.camano@gmail.com has disconnected.
2025-01-10T13:50:27.259Z [INFO]: GET /api/messages
2025-01-10T13:50:29.971Z [INFO]: GET /api/voice-token
2025-01-10T13:51:13.572Z [INFO]: POST /api/voice/outgoing
2025-01-10T13:52:15.503Z [INFO]: POST /api/voice/outgoing
2025-01-10T13:52:35.339Z [INFO]: POST /api/voice/outgoing
2025-01-10T13:52:53.717Z [INFO]: paul.camano@gmail.com has disconnected.
2025-01-10T13:52:53.726Z [INFO]: GET /api/emails
2025-01-10T13:52:55.631Z [INFO]: GET /api/messages
2025-01-10T13:53:07.795Z [INFO]: POST /api/send-sms
2025-01-10T13:53:21.291Z [INFO]: GET /api/messages
2025-01-10T13:53:28.088Z [INFO]: GET /api/messages
2025-01-10T13:55:17.553Z [INFO]: POST /api/voice/incoming
2025-01-10T13:55:35.459Z [INFO]: POST /api/voice/incoming
2025-01-10T13:56:03.798Z [INFO]: POST /api/voice/incoming
2025-01-10T13:59:53.736Z [INFO]: GET /api/voice-token
2025-01-10T14:05:46.773Z [INFO]: GET /api/voice-token
2025-01-10T14:05:50.419Z [INFO]: GET /api/voice-token
2025-01-10T14:05:55.602Z [INFO]: GET /api/voice-token
2025-01-10T14:06:16.349Z [INFO]: POST /api/voice/incoming
2025-01-10T14:09:20.554Z [INFO]: GET /api/voice-token
2025-01-10T14:09:55.770Z [INFO]: POST /api/voice-handler
2025-01-10T14:10:04.985Z [INFO]: POST /api/handle-recording
2025-01-10T14:11:14.148Z [INFO]: POST /api/voice-handler
2025-01-10T14:11:22.779Z [INFO]: POST /api/handle-recording
2025-01-10T14:20:28.734Z [INFO]: GET /api/voice-token
2025-01-10T14:20:57.025Z [INFO]: POST /api/voice-handler
2025-01-10T14:21:14.598Z [INFO]: POST /api/voice-handler
2025-01-10T14:21:27.439Z [INFO]: GET /api/voice-token
2025-01-10T14:22:24.724Z [INFO]: POST /api/voice-handler
2025-01-10T15:17:20.051Z [INFO]: GET /api/uploads/1736440919185-xlr.jpg
2025-01-10T15:17:20.059Z [INFO]: GET /api/uploads/1736441045272-e-sign%20camano.png
2025-01-10T15:17:20.060Z [INFO]: GET /api/uploads/1736440951214-tdd-cycle-1.png
2025-01-10T15:17:20.060Z [INFO]: GET /api/uploads/1736441066901-WIN_20240818_17_42_23_Pro.jpg
2025-01-10T15:17:28.487Z [INFO]: paul.camano@gmail.com has disconnected.
2025-01-10T15:17:28.493Z [INFO]: GET /api/messages
2025-01-10T15:17:36.706Z [INFO]: GET /api/messages
2025-01-10T15:17:39.336Z [INFO]: GET /api/token
2025-01-10T15:22:18.091Z [INFO]: GET /api/token
2025-01-10T15:27:21.625Z [INFO]: GET /api/uploads/1736440919185-xlr.jpg
2025-01-10T15:27:21.641Z [INFO]: GET /api/uploads/1736441066901-WIN_20240818_17_42_23_Pro.jpg
2025-01-10T15:27:21.642Z [INFO]: GET /api/uploads/1736440951214-tdd-cycle-1.png
2025-01-10T15:27:21.643Z [INFO]: GET /api/uploads/1736441045272-e-sign%20camano.png
2025-01-10T15:27:23.841Z [INFO]: paul.camano@gmail.com has disconnected.
2025-01-10T15:27:23.844Z [INFO]: GET /api/emails
2025-01-10T15:27:30.661Z [INFO]: GET /api/emails/19450bb18d9ce8ac
2025-01-10T15:27:33.065Z [INFO]: GET /api/emails
2025-01-10T15:27:35.492Z [INFO]: GET /api/token
2025-01-10T15:27:50.313Z [INFO]: POST /api/voice/incoming
2025-01-10T15:29:05.873Z [INFO]: POST /api/voice/incoming
2025-01-10T15:30:10.222Z [INFO]: GET /api/token
2025-01-10T15:30:18.952Z [INFO]: POST /api/voice/incoming
2025-01-10T15:30:45.846Z [INFO]: GET /api/token
2025-01-10T15:31:00.973Z [INFO]: POST /api/voice/incoming
2025-01-10T15:33:30.294Z [INFO]: POST /api/voice/incoming
2025-01-10T15:33:57.097Z [INFO]: GET /api/token
2025-01-10T15:40:52.509Z [INFO]: GET /api/token
2025-01-10T15:41:07.410Z [INFO]: POST /api/voice/incoming
2025-01-10T15:41:51.059Z [INFO]: POST /api/voice/incoming
2025-01-10T15:42:42.619Z [INFO]: POST /api/voice/incoming
2025-01-10T15:43:59.994Z [INFO]: POST /api/voice/incoming
2025-01-10T15:47:01.882Z [INFO]: POST /api/voice/incoming
2025-01-10T15:50:18.120Z [INFO]: GET /api/token
2025-01-10T15:50:33.734Z [INFO]: POST /api/voice/incoming
2025-01-10T15:51:15.556Z [INFO]: POST /api/voice/incoming
2025-01-10T15:52:51.963Z [INFO]: GET /api/messages
2025-01-10T15:52:57.281Z [INFO]: GET /api/emails
2025-01-10T15:53:01.481Z [INFO]: GET /api/emails/19450e79d2064445
2025-01-10T15:53:06.212Z [INFO]: GET /api/emails
2025-01-10T15:53:08.825Z [INFO]: GET /api/emails/1945096ba5dcf6b8
2025-01-10T15:53:15.149Z [INFO]: GET /api/emails
2025-01-10T15:53:30.742Z [INFO]: GET /api/emails
2025-01-10T15:53:45.158Z [INFO]: GET /api/emails
2025-01-10T15:54:00.805Z [INFO]: GET /api/emails
2025-01-10T15:54:15.204Z [INFO]: GET /api/emails
2025-01-10T15:54:30.875Z [INFO]: GET /api/emails
2025-01-10T15:54:45.270Z [INFO]: GET /api/emails
2025-01-10T15:55:00.883Z [INFO]: GET /api/emails
2025-01-10T15:55:15.309Z [INFO]: GET /api/emails
2025-01-10T15:55:30.936Z [INFO]: GET /api/emails
2025-01-10T15:55:33.820Z [INFO]: GET /api/token
2025-01-10T15:59:07.216Z [INFO]: GET /api/uploads/1736440919185-xlr.jpg
2025-01-10T15:59:07.251Z [INFO]: GET /api/uploads/1736441066901-WIN_20240818_17_42_23_Pro.jpg
2025-01-10T15:59:07.256Z [INFO]: GET /api/uploads/1736441045272-e-sign%20camano.png
2025-01-10T15:59:07.257Z [INFO]: GET /api/uploads/1736440951214-tdd-cycle-1.png
2025-01-10T15:59:11.702Z [INFO]: paul.camano@gmail.com has disconnected.
2025-01-10T15:59:11.710Z [INFO]: GET /api/emails
2025-01-10T15:59:14.849Z [INFO]: GET /api/messages
2025-01-10T15:59:15.798Z [INFO]: GET /api/token
2025-01-10T15:59:51.422Z [INFO]: POST /api/voice/incoming
2025-01-10T16:02:57.691Z [INFO]: GET /api/uploads/1736440919185-xlr.jpg
2025-01-10T16:02:57.728Z [INFO]: GET /api/uploads/1736441066901-WIN_20240818_17_42_23_Pro.jpg
2025-01-10T16:02:57.729Z [INFO]: GET /api/uploads/1736440951214-tdd-cycle-1.png
2025-01-10T16:02:57.730Z [INFO]: GET /api/uploads/1736441045272-e-sign%20camano.png
2025-01-10T16:03:01.022Z [INFO]: paul.camano@gmail.com has disconnected.
2025-01-10T16:03:01.035Z [INFO]: GET /api/emails
2025-01-10T16:03:03.246Z [INFO]: GET /api/messages
2025-01-10T16:03:10.173Z [INFO]: GET /api/token
2025-01-10T16:03:26.295Z [INFO]: POST /api/voice/incoming
2025-01-10T16:05:19.155Z [INFO]: POST /api/voice/incoming
2025-01-10T16:12:38.890Z [INFO]: GET /api/uploads/1736440919185-xlr.jpg
2025-01-10T16:12:38.894Z [INFO]: GET /api/uploads/1736441066901-WIN_20240818_17_42_23_Pro.jpg
2025-01-10T16:12:38.925Z [INFO]: GET /api/uploads/1736441045272-e-sign%20camano.png
2025-01-10T16:12:38.926Z [INFO]: GET /api/uploads/1736440951214-tdd-cycle-1.png
2025-01-10T16:12:41.520Z [INFO]: paul.camano@gmail.com has disconnected.
2025-01-10T16:12:41.540Z [INFO]: GET /api/token
2025-01-10T16:12:54.396Z [INFO]: POST /api/voice/incoming
2025-01-10T16:13:27.923Z [INFO]: GET /api/token
2025-01-10T16:19:37.283Z [INFO]: GET /api/token
2025-01-10T16:19:38.593Z [INFO]: GET /api/messages
2025-01-10T16:19:40.141Z [INFO]: GET /api/token
2025-01-10T16:19:59.504Z [INFO]: POST /api/voice/outgoing
2025-01-10T16:19:59.508Z [INFO]: dialing number: undefined
2025-01-10T16:20:21.819Z [INFO]: POST /api/voice/outgoing
2025-01-10T16:20:21.820Z [INFO]: dialing number: undefined
2025-01-10T16:23:05.792Z [INFO]: GET /api/token
2025-01-10T16:23:23.324Z [INFO]: POST /api/voice/outgoing
2025-01-10T16:23:23.329Z [INFO]: dialing number: undefined
2025-01-10T16:25:54.001Z [INFO]: GET /api/uploads/1736441045272-e-sign%20camano.png - {}
2025-01-10T16:25:54.017Z [INFO]: GET /api/uploads/1736440951214-tdd-cycle-1.png - {}
2025-01-10T16:25:54.019Z [INFO]: GET /api/uploads/1736440919185-xlr.jpg - {}
2025-01-10T16:25:54.019Z [INFO]: GET /api/uploads/1736441066901-WIN_20240818_17_42_23_Pro.jpg - {}
2025-01-10T16:25:55.765Z [INFO]: paul.camano@gmail.com has disconnected.
2025-01-10T16:25:55.783Z [INFO]: GET /api/token - {}
2025-01-10T16:26:10.818Z [INFO]: POST /api/voice/outgoing - {}
2025-01-10T16:26:10.823Z [INFO]: dialing number: undefined
2025-01-10T16:27:42.056Z [INFO]: POST /api/register - {"username":"account3@gmail.com","password":"Camano1."}
2025-01-10T16:27:59.612Z [INFO]: POST /api/login - {"username":"account3@gmail.com","password":"Camano1."}
2025-01-10T16:28:17.471Z [INFO]: POST /api/login - {"username":"paul.camano@gmail.com","password":"Camano1."}
2025-01-10T16:28:23.165Z [INFO]: GET /api/uploads/1736440919185-xlr.jpg - {}
2025-01-10T16:28:23.185Z [INFO]: GET /api/uploads/1736441066901-WIN_20240818_17_42_23_Pro.jpg - {}
2025-01-10T16:28:23.189Z [INFO]: GET /api/uploads/1736441045272-e-sign%20camano.png - {}
2025-01-10T16:28:23.190Z [INFO]: GET /api/uploads/1736440951214-tdd-cycle-1.png - {}
2025-01-10T16:28:25.278Z [INFO]: paul.camano@gmail.com has disconnected.
2025-01-10T16:28:25.294Z [INFO]: GET /api/emails - {}
2025-01-10T16:28:33.059Z [INFO]: GET /api/messages - {}
2025-01-10T16:28:35.871Z [INFO]: GET /api/messages/SM0e8c99cf780232ad43e535178fa6168b - {}
2025-01-10T16:28:37.812Z [INFO]: GET /api/messages - {}
2025-01-10T16:28:41.283Z [INFO]: GET /api/token - {}
2025-01-10T16:30:32.802Z [INFO]: POST /api/voice/incoming - {}
2025-01-10T16:30:47.916Z [INFO]: GET /api/token - {}
2025-01-10T16:31:40.389Z [INFO]: POST /api/voice/incoming - {}
2025-01-10T16:32:17.876Z [INFO]: POST /api/voice/incoming - {}
2025-01-10T16:36:00.528Z [INFO]: GET /api/token - {}
2025-01-10T16:36:15.388Z [INFO]: POST /api/voice/incoming - {}
2025-01-10T16:39:07.760Z [INFO]: POST /api/voice/incoming - {}
2025-01-10T16:46:18.795Z [INFO]: POST /api/voice/incoming - {}
2025-01-10T16:50:04.316Z [INFO]: GET /api/token - {}
2025-01-10T16:50:19.095Z [INFO]: POST /api/voice/incoming - {}
2025-01-10T16:55:41.601Z [INFO]: POST /api/voice/incoming - {}
2025-01-10T16:56:24.138Z [INFO]: POST /api/voice/incoming - {}
2025-01-10T17:00:33.402Z [INFO]: GET /api/uploads/1736440919185-xlr.jpg - {}
2025-01-10T17:00:33.408Z [INFO]: GET /api/uploads/1736440951214-tdd-cycle-1.png - {}
2025-01-10T17:00:33.414Z [INFO]: GET /api/uploads/1736441066901-WIN_20240818_17_42_23_Pro.jpg - {}
2025-01-10T17:00:33.417Z [INFO]: GET /api/uploads/1736441045272-e-sign%20camano.png - {}
2025-01-10T17:00:34.807Z [INFO]: paul.camano@gmail.com has disconnected.
2025-01-10T17:00:34.814Z [INFO]: GET /api/emails - {}
2025-01-10T17:00:40.596Z [INFO]: GET /api/token - {}
2025-01-10T17:00:54.869Z [INFO]: POST /api/voice/incoming - {"ApplicationSid":"APb7d872e8af3af976b8e56107bdecb14e","ApiVersion":"2010-04-01","Called":"","Caller":"client:browser-user","CallStatus":"ringing","From":"browser-user","To":"+639603037036","CallSid":"CAba9d7d5b8b26ed27aa66708fd934aae0","Direction":"inbound","AccountSid":"AC153beeda0ae7865a1dff6654f270a3ce"}
2025-01-10T17:01:35.120Z [INFO]: GET /api/token - {}
2025-01-10T17:05:32.080Z [INFO]: GET /api/messages - {}
2025-01-10T17:05:33.753Z [INFO]: GET /api/token - {}
2025-01-10T17:05:46.179Z [INFO]: POST /api/voice/incoming - {"ApplicationSid":"APb7d872e8af3af976b8e56107bdecb14e","ApiVersion":"2010-04-01","Called":"","Caller":"client:browser-user","CallStatus":"ringing","From":"browser-user","To":"+639603037036","CallSid":"CA6de866b44d31b91f7657068a332e3535","Direction":"inbound","AccountSid":"AC153beeda0ae7865a1dff6654f270a3ce"}
2025-01-10T17:08:49.767Z [INFO]: POST /api/voice/incoming - {"ApplicationSid":"APb7d872e8af3af976b8e56107bdecb14e","ApiVersion":"2010-04-01","Called":"","Caller":"client:Anonymous","CallStatus":"ringing","From":"client:Anonymous","CallSid":"CAb5b5d989f2458e41bb9d98e0c69fded3","To":"","Direction":"inbound","AccountSid":"AC153beeda0ae7865a1dff6654f270a3ce"}
2025-01-10T17:13:24.549Z [INFO]: GET /api/token - {}
2025-01-10T17:13:37.149Z [INFO]: POST /api/voice/incoming - {"ApplicationSid":"APb7d872e8af3af976b8e56107bdecb14e","ApiVersion":"2010-04-01","Called":"","Caller":"client:browser-user","CallStatus":"ringing","From":"browser-user","To":"+639603037036","CallSid":"CAde3941751d921cb1761180de967f4478","Direction":"inbound","AccountSid":"AC153beeda0ae7865a1dff6654f270a3ce"}
2025-01-10T17:16:19.641Z [INFO]: GET /api/messages - {}
2025-01-10T17:16:29.432Z [INFO]: GET /api/uploads/1736440951214-tdd-cycle-1.png - {}
2025-01-10T17:16:29.433Z [INFO]: GET /api/uploads/1736440919185-xlr.jpg - {}
2025-01-10T17:16:29.626Z [INFO]: GET /api/uploads/1736441066901-WIN_20240818_17_42_23_Pro.jpg - {}
2025-01-10T17:16:29.627Z [INFO]: GET /api/uploads/1736441045272-e-sign%20camano.png - {}
2025-01-10T17:16:32.410Z [INFO]: paul.camano@gmail.com has disconnected.
2025-01-10T17:16:32.635Z [INFO]: GET /api/emails - {}
2025-01-10T17:17:11.562Z [INFO]: POST /api/send-email - {}
2025-01-10T17:17:17.808Z [INFO]: GET /api/emails - {}
2025-01-10T17:17:33.485Z [INFO]: GET /api/emails - {}
2025-01-10T17:17:47.841Z [INFO]: GET /api/emails - {}
2025-01-10T17:18:03.554Z [INFO]: GET /api/emails - {}
2025-01-10T17:18:17.897Z [INFO]: GET /api/emails - {}
2025-01-10T17:18:33.587Z [INFO]: GET /api/emails - {}
2025-01-10T17:18:37.490Z [INFO]: GET /api/emails - {}
2025-01-10T17:18:41.529Z [INFO]: GET /api/emails/194513992ee4ff85 - {}
2025-01-10T17:18:43.671Z [INFO]: GET /api/attachments/194513992ee4ff85/ANGjdJ-HpxScDhtFW6IYanGQ8M7cwOfSenapUS8vVtJw6Na0lfDb3E1CsX5ESoqvICWQqjk_zhnNECQANEwd3yAH4Tlx96510XnbBGBhakmuqM5nDqv46PWO12HsGJIDoBNNZ2IK2Rl4jX8QFxWP5gZSDTuzTyJdvKOgRko03SXqBo02QJNTtsKIILeD4NVVSc_DGWXw7wZv4SZbw1D5wXGx300-9GMZktD04oo25wJ20wTYYpLhMaa9ZgjLyHJrtPBi86oHPD-btz6BBY-4eekTMQqt1xw7Ao9TnXf5LNSXU1m-jgp6E2Dc1JbMUIw5ABU7Dsr9HCm6pYiiaMmH4VVd93Om7plfp6DmSdt80uqS6sVqlHKiks8AJz4jN-tZElWQS2Uv0jx_sp4P5C-FN46zkobT62HNRIuVc7ua4A - {}
2025-01-10T17:18:45.937Z [INFO]: GET /api/attachments/194513992ee4ff85/ANGjdJ-HpxScDhtFW6IYanGQ8M7cwOfSenapUS8vVtJw6Na0lfDb3E1CsX5ESoqvICWQqjk_zhnNECQANEwd3yAH4Tlx96510XnbBGBhakmuqM5nDqv46PWO12HsGJIDoBNNZ2IK2Rl4jX8QFxWP5gZSDTuzTyJdvKOgRko03SXqBo02QJNTtsKIILeD4NVVSc_DGWXw7wZv4SZbw1D5wXGx300-9GMZktD04oo25wJ20wTYYpLhMaa9ZgjLyHJrtPBi86oHPD-btz6BBY-4eekTMQqt1xw7Ao9TnXf5LNSXU1m-jgp6E2Dc1JbMUIw5ABU7Dsr9HCm6pYiiaMmH4VVd93Om7plfp6DmSdt80uqS6sVqlHKiks8AJz4jN-tZElWQS2Uv0jx_sp4P5C-FN46zkobT62HNRIuVc7ua4A - {}
2025-01-10T17:18:52.088Z [INFO]: GET /api/attachments/194513992ee4ff85/ANGjdJ-HpxScDhtFW6IYanGQ8M7cwOfSenapUS8vVtJw6Na0lfDb3E1CsX5ESoqvICWQqjk_zhnNECQANEwd3yAH4Tlx96510XnbBGBhakmuqM5nDqv46PWO12HsGJIDoBNNZ2IK2Rl4jX8QFxWP5gZSDTuzTyJdvKOgRko03SXqBo02QJNTtsKIILeD4NVVSc_DGWXw7wZv4SZbw1D5wXGx300-9GMZktD04oo25wJ20wTYYpLhMaa9ZgjLyHJrtPBi86oHPD-btz6BBY-4eekTMQqt1xw7Ao9TnXf5LNSXU1m-jgp6E2Dc1JbMUIw5ABU7Dsr9HCm6pYiiaMmH4VVd93Om7plfp6DmSdt80uqS6sVqlHKiks8AJz4jN-tZElWQS2Uv0jx_sp4P5C-FN46zkobT62HNRIuVc7ua4A - {}
2025-01-10T17:19:24.487Z [INFO]: GET /api/messages - {}
2025-01-10T17:27:36.159Z [INFO]: GET /api/token - {}
2025-01-10T17:27:46.503Z [INFO]: POST /api/voice/incoming - {"ApplicationSid":"APb7d872e8af3af976b8e56107bdecb14e","ApiVersion":"2010-04-01","Called":"","Caller":"client:Anonymous","CallStatus":"ringing","From":"client:Anonymous","CallSid":"CAca21a9f1a9d6ff5cb07f3bd4938c9248","To":"","Direction":"inbound","AccountSid":"AC153beeda0ae7865a1dff6654f270a3ce"}
2025-01-10T17:28:17.091Z [INFO]: POST /api/voice/incoming - {"ApplicationSid":"APb7d872e8af3af976b8e56107bdecb14e","ApiVersion":"2010-04-01","Called":"","Caller":"client:browser-user","CallStatus":"ringing","From":"browser-user","To":"+639603037036","CallSid":"CA46654090189686b0a45c8678338647c9","Direction":"inbound","AccountSid":"AC153beeda0ae7865a1dff6654f270a3ce"}
2025-01-10T17:29:27.896Z [INFO]: GET /api/uploads/1736440919185-xlr.jpg - {}
2025-01-10T17:29:27.903Z [INFO]: GET /api/uploads/1736440951214-tdd-cycle-1.png - {}
2025-01-10T17:29:27.903Z [INFO]: GET /api/uploads/1736441045272-e-sign%20camano.png - {}
2025-01-10T17:29:27.903Z [INFO]: GET /api/uploads/1736441066901-WIN_20240818_17_42_23_Pro.jpg - {}
2025-01-10T17:29:29.049Z [INFO]: paul.camano@gmail.com has disconnected.
2025-01-10T17:29:29.061Z [INFO]: GET /api/token - {}
2025-01-10T17:29:32.389Z [INFO]: GET /api/messages - {}
2025-01-10T17:30:56.501Z [INFO]: GET /api/messages - {}
2025-01-10T17:31:06.809Z [INFO]: GET /api/messages - {}
2025-01-10T17:31:32.867Z [INFO]: POST /api/send-sms - {"to":"+18777804236","message":"This is from comms app"}
2025-01-10T17:31:50.390Z [INFO]: GET /api/messages - {}
2025-01-10T17:32:22.464Z [INFO]: POST /api/send-sms - {"to":"+639603037036","message":"This is from comms app"}
2025-01-10T17:32:43.240Z [INFO]: GET /api/uploads/1736441066901-WIN_20240818_17_42_23_Pro.jpg - {}
2025-01-10T17:32:43.245Z [INFO]: GET /api/uploads/1736440951214-tdd-cycle-1.png - {}
2025-01-10T17:32:43.246Z [INFO]: GET /api/uploads/1736441045272-e-sign%20camano.png - {}
2025-01-10T17:32:43.247Z [INFO]: GET /api/uploads/1736440919185-xlr.jpg - {}
2025-01-10T17:33:30.073Z [INFO]: POST /api/login - {"username":"mae0593@gmail.com","password":"Camano1."}
2025-01-10T17:33:38.358Z [INFO]: GET /api/uploads/1736440919185-xlr.jpg - {}
2025-01-10T17:33:38.374Z [INFO]: GET /api/uploads/1736440951214-tdd-cycle-1.png - {}
2025-01-10T17:33:38.383Z [INFO]: GET /api/uploads/1736441066901-WIN_20240818_17_42_23_Pro.jpg - {}
2025-01-10T17:33:38.384Z [INFO]: GET /api/uploads/1736441045272-e-sign%20camano.png - {}
2025-01-10T17:34:08.632Z [INFO]: paul.camano@gmail.com has disconnected.
2025-01-10T17:34:24.617Z [INFO]: mae0593@gmail.com has disconnected.
2025-01-10T17:40:03.948Z [INFO]: mae0593@gmail.com has disconnected.
2025-01-10T17:40:23.933Z [INFO]: mae0593@gmail.com has disconnected.
2025-01-10T17:41:21.414Z [INFO]: mae0593@gmail.com has disconnected.
2025-01-10T17:41:21.955Z [INFO]: GET /api/uploads/1736440919185-xlr.jpg - {}
2025-01-10T17:41:21.968Z [INFO]: GET /api/uploads/1736441066901-WIN_20240818_17_42_23_Pro.jpg - {}
2025-01-10T17:41:21.969Z [INFO]: GET /api/uploads/1736440951214-tdd-cycle-1.png - {}
2025-01-10T17:41:21.969Z [INFO]: GET /api/uploads/1736441045272-e-sign%20camano.png - {}
2025-01-10T17:43:58.441Z [INFO]: mae0593@gmail.com has disconnected.
2025-01-10T17:43:58.442Z [INFO]: paul.camano@gmail.com has disconnected.
2025-01-10T17:44:45.977Z [INFO]: GET /api/uploads/1736440919185-xlr.jpg - {}
2025-01-10T17:44:45.988Z [INFO]: GET /api/uploads/1736441066901-WIN_20240818_17_42_23_Pro.jpg - {}
2025-01-10T17:44:45.989Z [INFO]: GET /api/uploads/1736440951214-tdd-cycle-1.png - {}
2025-01-10T17:44:46.021Z [INFO]: GET /api/uploads/1736441045272-e-sign%20camano.png - {}
2025-01-10T17:45:53.860Z [INFO]: GET /api/uploads/1736440919185-xlr.jpg - {}
2025-01-10T17:45:53.873Z [INFO]: GET /api/uploads/1736440951214-tdd-cycle-1.png - {}
2025-01-10T17:45:53.874Z [INFO]: GET /api/uploads/1736441045272-e-sign%20camano.png - {}
2025-01-10T17:45:53.874Z [INFO]: GET /api/uploads/1736441066901-WIN_20240818_17_42_23_Pro.jpg - {}
2025-01-10T17:46:12.712Z [INFO]: mae0593@gmail.com has disconnected.
2025-01-10T17:46:12.718Z [INFO]: GET /api/emails - {}
2025-01-10T17:46:14.422Z [INFO]: GET /api/token - {}
2025-01-10T17:46:23.784Z [INFO]: mae0593@gmail.com has disconnected.
2025-01-10T17:47:17.871Z [INFO]: mae0593@gmail.com has disconnected.
2025-01-10T17:47:22.394Z [INFO]: paul.camano@gmail.com has disconnected.
2025-01-10T17:47:51.406Z [INFO]: POST /api/upload - {}
2025-01-10T17:47:51.611Z [INFO]: GET /api/uploads/1736531271409-Screenshot_2025-01-10-16-35-21-52_39060a31215a48c7aaf1fb3368fa2e89.jpg - {}
2025-01-10T17:47:51.769Z [INFO]: GET /api/uploads/1736531271409-Screenshot_2025-01-10-16-35-21-52_39060a31215a48c7aaf1fb3368fa2e89.jpg - {}
2025-01-10T17:48:09.299Z [INFO]: POST /api/upload - {}
2025-01-10T17:48:09.500Z [INFO]: GET /api/uploads/1736531289301-FB_IMG_1736452843530.jpg - {}
2025-01-10T17:48:09.648Z [INFO]: GET /api/uploads/1736531289301-FB_IMG_1736452843530.jpg - {}
2025-01-10T17:48:42.979Z [INFO]: POST /api/upload - {}
2025-01-10T17:48:44.853Z [INFO]: GET /api/uploads/1736531322979-tdd-cycle-2.png - {}
2025-01-10T17:48:44.911Z [INFO]: GET /api/uploads/1736531322979-tdd-cycle-2.png - {}
2025-01-10T17:49:22.166Z [INFO]: POST /api/upload - {}
2025-01-10T17:49:30.036Z [INFO]: GET /api/uploads/1736531362167-twilio_2FA_recovery_code%20(1).txt - {}
2025-01-10T17:49:44.356Z [INFO]: GET /api/uploads/1736531362167-twilio_2FA_recovery_code%20(1).txt - {}
2025-01-10T17:50:55.267Z [INFO]: mae0593@gmail.com has disconnected.
2025-01-10T17:50:57.785Z [INFO]: GET /api/emails - {}
2025-01-10T17:51:00.993Z [INFO]: mae0593@gmail.com has disconnected.
2025-01-10T17:51:45.933Z [INFO]: GET /api/token - {}
2025-01-10T17:51:46.005Z [INFO]: paul.camano@gmail.com has disconnected.
2025-01-10T17:51:47.231Z [INFO]: GET /api/messages - {}
2025-01-10T17:51:48.277Z [INFO]: GET /api/emails - {}
2025-01-10T17:51:53.855Z [INFO]: paul.camano@gmail.com has disconnected.
2025-01-10T17:52:32.438Z [INFO]: paul.camano@gmail.com has disconnected.
2025-01-10T17:52:35.047Z [INFO]: mae0593@gmail.com has disconnected.
2025-01-10T18:16:02.172Z [INFO]: mae0593@gmail.com has disconnected.
2025-01-10T18:16:04.783Z [INFO]: GET /api/emails - {}
2025-01-10T18:16:15.846Z [INFO]: GET /api/messages - {}
2025-01-10T18:16:18.892Z [INFO]: GET /api/messages/SMf4c6ecf57f257c0929df7376a094f64b - {}
2025-01-10T18:16:21.857Z [INFO]: GET /api/messages - {}
2025-01-10T18:16:24.943Z [INFO]: mae0593@gmail.com has disconnected.
2025-01-10T18:16:29.759Z [INFO]: mae0593@gmail.com has disconnected.
2025-01-10T18:39:26.701Z [INFO]: POST /api/upload - {}
2025-01-10T18:39:26.871Z [INFO]: GET /api/uploads/1736534366704-tdd-cycle-2.png - {}
2025-01-10T18:39:26.939Z [INFO]: GET /api/uploads/1736534366704-tdd-cycle-2.png - {}
2025-01-10T18:39:46.337Z [INFO]: POST /api/upload - {}
2025-01-10T18:39:46.513Z [INFO]: GET /api/uploads/1736534386338-FB_IMG_1736452843530.jpg - {}
2025-01-10T18:39:46.524Z [INFO]: GET /api/uploads/1736534386338-FB_IMG_1736452843530.jpg - {}
2025-01-10T18:40:00.127Z [INFO]: paul.camano@gmail.com has disconnected.
2025-01-10T18:40:00.157Z [INFO]: GET /api/emails - {}
2025-01-10T18:40:11.031Z [INFO]: GET /api/emails/1945164a10480cb3 - {}
2025-01-10T18:40:14.065Z [INFO]: GET /api/emails - {}
2025-01-10T18:40:17.250Z [INFO]: GET /api/attachments/194513992ee4ff85/ANGjdJ8PEI5U3dKJ9C3la2egn6J1lPtbT_2ud4hIzq2OJ4K7c6vODNYQfzVyi2H5NkEmtcr1DnBm26WYEJpxHe3jzXPpZn1UoDwNl-1I0-HnQC0FJ4KoSTdRvpgE882OwNKU2w59ISwrZXX0NQ6EjxEJKWCZ_Y82deFKdOJaR4GM0hfHXWVGqECJduiGB1I1-FIfxiCpWIJkNk7fOARvMzBjmYSNVx9HJfRNFFSdFg3X5SFZNpC6kn4e7n6xQNa4fVZNSbYDakBL4DLXDpz-HtwiprqdugYXSPrYjGyt3lsUT22zbUaM0QAYbnCo6yVJ8DsMqIb-shTDnwoZIURgTrHnk_Yv2LJBsCymaWjXG0pLqzyF4ijcqlX5rU366TP0c6C-StoaT7C_SQsQsxMFD398PcpzIf1dURie6cvOtw - {}
2025-01-10T18:40:26.086Z [INFO]: GET /api/emails/194513992ee4ff85 - {}
2025-01-10T18:40:30.288Z [INFO]: GET /api/attachments/194513992ee4ff85/ANGjdJ-VVZmbZNY49z6emXai-CjErg8b7IC_ZTjn0fFAooud1RTKhf2YzYCGmiD3W8h9Txbc9qMYs-fSqvu3pwwM-07bVVxPgp4MRD4kyg9aiGaK3enEesTFNaD60wcc4_s48kqUqxCJuOQ1XTm5KWhydYvhBxoLqjwAxas5fzpC4IHYurNSAiH-bQ7ar623wQ7fV_UmgSqmqTKXqZVmA9jNgj5r0hLl9n-rJpO7iEVmqDXFSd5qPKf7V8LLkDCRG5iuOX6cQqYVC_vsr9vbwvjwsqGL-qMP7PX_pkab8mV5kVdcvf5Qxd_UdwtcFi2kVmFaN1ByoVvEQUbdsjf5_iB66eCKrMWKKoxKNEV2Fl2BpNhqU0Z8qsxYDXc6XkS-YBq1PdJ6OUx7UUe1luXuM817MzjxFro_topvBZyaig - {}
2025-01-10T18:40:35.236Z [INFO]: GET /api/emails - {}
2025-01-10T18:41:20.799Z [INFO]: POST /api/send-email - {}
2025-01-10T18:42:45.326Z [INFO]: GET /api/emails - {}
2025-01-10T18:42:58.390Z [INFO]: GET /api/emails - {}
2025-01-10T18:43:06.001Z [INFO]: GET /api/emails/1945186bb209e00a - {}
2025-01-10T18:43:10.171Z [INFO]: GET /api/emails - {}
2025-01-10T18:43:13.014Z [INFO]: GET /api/attachments/1945186bb209e00a/ANGjdJ-io2Lep3eAZs0jzI54053mHhXXzllh8K1beI_DiGSKVOtx61Nmpz_-wi4veAvAysGvnOyWRR-yRm8lA2jNftSJVrvflIThuu7v0mHzglmXleEtAeUf6Mf2Ttc0FYOojgHB8ftyRwudELtafcvii0wg1-ue5b1rhsCW1M_vABhYb2z0BKWYtqw20BAnA-GuNRWDyXnjmk9CnTcR87wjs7g9kqgB3MZjDuc_wwjo_jjA-6i-_1MZ0JdaRr9aO8ZYVBqxwlD5aU2MgaylNH2NvcrPjoIcmhg_4hOU2kMurNxxBG9MuAgjFBXIG_0jrFdDLwf8sVI1QQNXSQAboTX7QFJ2AJqiDBYPz0ZzMBoYlnKOmFKy2yb6vc73yv73qQ0n767vKSV_GQ4BaPOq - {}
2025-01-10T18:43:26.002Z [INFO]: GET /api/emails - {}
2025-01-10T18:43:34.605Z [INFO]: GET /api/messages - {}
2025-01-10T18:43:45.041Z [INFO]: GET /api/messages/SMf4c6ecf57f257c0929df7376a094f64b - {}
2025-01-10T18:43:48.800Z [INFO]: GET /api/messages - {}
2025-01-10T18:44:09.609Z [INFO]: POST /api/send-sms - {"to":"+639603037036","message":"Hello From Comms App"}
2025-01-10T18:44:12.891Z [INFO]: GET /api/messages - {}
2025-01-10T18:45:25.380Z [INFO]: GET /api/messages - {}
2025-01-10T18:45:44.232Z [INFO]: GET /api/token - {}
2025-01-10T18:46:41.462Z [INFO]: POST /api/voice/incoming - {"ApplicationSid":"APb7d872e8af3af976b8e56107bdecb14e","ApiVersion":"2010-04-01","Called":"","Caller":"client:Anonymous","CallStatus":"ringing","From":"client:Anonymous","CallSid":"CAf3a7ab22dc3b9d2180021e8a26ec1ea1","To":"","Direction":"inbound","AccountSid":"AC153beeda0ae7865a1dff6654f270a3ce"}
2025-01-10T18:47:07.764Z [INFO]: mae0593@gmail.com has disconnected.
2025-01-10T18:47:35.373Z [INFO]: POST /api/voice/incoming - {"ApplicationSid":"APb7d872e8af3af976b8e56107bdecb14e","ApiVersion":"2010-04-01","Called":"","Caller":"client:browser-user","CallStatus":"ringing","From":"browser-user","To":"+639603037036","CallSid":"CAef550fe666d3e84fa7ec96e5eab0ef60","Direction":"inbound","AccountSid":"AC153beeda0ae7865a1dff6654f270a3ce"}
2025-01-10T19:04:04.475Z [INFO]: GET /api/emails - {}
2025-01-10T19:04:05.778Z [INFO]: GET /api/token - {}
2025-01-10T19:04:08.325Z [INFO]: GET /api/messages - {}
2025-01-10T19:04:09.175Z [INFO]: GET /api/emails - {}
2025-01-10T19:04:11.464Z [INFO]: GET /api/uploads/1736534366704-tdd-cycle-2.png - {}
2025-01-10T19:04:11.485Z [INFO]: GET /api/uploads/1736534386338-FB_IMG_1736452843530.jpg - {}
2025-01-10T19:23:33.803Z [INFO]: paul.camano@gmail.com has disconnected.
2025-01-10T19:23:34.080Z [INFO]: GET /api/emails - {}
2025-01-10T19:23:38.278Z [INFO]: GET /api/messages - {}
2025-01-10T19:23:45.591Z [INFO]: GET /api/messages/SM1b90e9f99e83ac9c5082124075ff0f0c - {}
2025-01-10T19:23:47.981Z [INFO]: GET /api/messages - {}
2025-01-10T19:23:50.706Z [INFO]: GET /api/token - {}
2025-01-10T19:23:55.757Z [INFO]: GET /api/messages - {}
2025-01-10T19:23:56.944Z [INFO]: GET /api/token - {}
2025-01-10T19:23:58.764Z [INFO]: GET /api/uploads/1736534366704-tdd-cycle-2.png - {}
2025-01-10T19:23:58.769Z [INFO]: GET /api/uploads/1736534386338-FB_IMG_1736452843530.jpg - {}
2025-01-10T19:24:13.484Z [INFO]: POST /api/upload - {}
2025-01-10T19:24:19.986Z [INFO]: GET /api/uploads/1736537053486-twilio_2FA_recovery_code%20(1).txt - {}
2025-01-10T19:24:24.873Z [INFO]: paul.camano@gmail.com has disconnected.
2025-01-10T19:24:27.306Z [INFO]: GET /api/emails - {}
2025-01-10T19:24:51.615Z [INFO]: GET /api/emails - {}
2025-01-10T19:24:54.143Z [INFO]: GET /api/emails/194519a92e947e22 - {}
2025-01-10T19:24:56.952Z [INFO]: GET /api/emails - {}
2025-01-10T19:25:14.556Z [INFO]: GET /api/emails - {}
2025-01-10T19:28:43.903Z [INFO]: POST /api/login - {"username":"paul.camano@gmail.com","password":"Camano1."}
2025-01-10T19:28:47.662Z [INFO]: GET /api/emails - {}
2025-01-10T19:28:56.552Z [INFO]: GET /api/emails/194519883b24fec6 - {}
2025-01-10T19:28:58.752Z [INFO]: GET /api/emails - {}
2025-01-10T19:29:03.332Z [INFO]: GET /api/emails/1945164a10480cb3 - {}
2025-01-10T19:29:08.164Z [INFO]: GET /api/emails - {}
2025-01-10T19:29:12.829Z [INFO]: GET /api/emails/194510801f54c458 - {}
2025-01-10T19:29:15.543Z [INFO]: GET /api/emails - {}
2025-01-10T19:29:18.424Z [INFO]: GET /api/emails/194519a92e947e22 - {}
2025-01-10T19:29:20.161Z [INFO]: GET /api/emails - {}
2025-01-10T19:30:53.283Z [INFO]: GET /api/emails - {}
2025-01-10T19:30:58.601Z [INFO]: GET /api/messages - {}
